Time resolution is 1 ps
Note: Analog In = 0, Raw mV = 0, Filtered mV = 0
Time: 0 ps  Iteration: 1  Process: /sim_top_tb/monitor  File: C:/Users/Redmi/Documents/ELECTRICAL-LAB/MyProjects/ADC_filtr_signal_WorkNoisi/ADC_filtr_signal.srcs/sim_1/imports/new/sim_top_level.vhd
Note: Analog In = 0, Raw mV = 0, Filtered mV = 0
Time: 10 ns  Iteration: 1  Process: /sim_top_tb/monitor  File: C:/Users/Redmi/Documents/ELECTRICAL-LAB/MyProjects/ADC_filtr_signal_WorkNoisi/ADC_filtr_signal.srcs/sim_1/imports/new/sim_top_level.vhd
Note: Analog In = 0, Raw mV = 0, Filtered mV = 0
Time: 20 ns  Iteration: 1  Process: /sim_top_tb/monitor  File: C:/Users/Redmi/Documents/ELECTRICAL-LAB/MyProjects/ADC_filtr_signal_WorkNoisi/ADC_filtr_signal.srcs/sim_1/imports/new/sim_top_level.vhd
Note: Analog In = 0, Raw mV = 0, Filtered mV = 0
Time: 30 ns  Iteration: 1  Process: /sim_top_tb/monitor  File: C:/Users/Redmi/Documents/ELECTRICAL-LAB/MyProjects/ADC_filtr_signal_WorkNoisi/ADC_filtr_signal.srcs/sim_1/imports/new/sim_top_level.vhd
Note: Analog In = 0, Raw mV = 0, Filtered mV = 0
Time: 40 ns  Iteration: 1  Process: /sim_top_tb/monitor  File: C:/Users/Redmi/Documents/ELECTRICAL-LAB/MyProjects/ADC_filtr_signal_WorkNoisi/ADC_filtr_signal.srcs/sim_1/imports/new/sim_top_level.vhd
Note: Analog In = 0, Raw mV = 0, Filtered mV = 0
Time: 50 ns  Iteration: 1  Process: /sim_top_tb/monitor  File: C:/Users/Redmi/Documents/ELECTRICAL-LAB/MyProjects/ADC_filtr_signal_WorkNoisi/ADC_filtr_signal.srcs/sim_1/imports/new/sim_top_level.vhd
Note: Analog In = 0, Raw mV = 0, Filtered mV = 0
Time: 60 ns  Iteration: 1  Process: /sim_top_tb/monitor  File: C:/Users/Redmi/Documents/ELECTRICAL-LAB/MyProjects/ADC_filtr_signal_WorkNoisi/ADC_filtr_signal.srcs/sim_1/imports/new/sim_top_level.vhd
Note: Analog In = 0, Raw mV = 0, Filtered mV = 0
Time: 70 ns  Iteration: 1  Process: /sim_top_tb/monitor  File: C:/Users/Redmi/Documents/ELECTRICAL-LAB/MyProjects/ADC_filtr_signal_WorkNoisi/ADC_filtr_signal.srcs/sim_1/imports/new/sim_top_level.vhd
Note: Analog In = 0, Raw mV = 0, Filtered mV = 0
Time: 80 ns  Iteration: 1  Process: /sim_top_tb/monitor  File: C:/Users/Redmi/Documents/ELECTRICAL-LAB/MyProjects/ADC_filtr_signal_WorkNoisi/ADC_filtr_signal.srcs/sim_1/imports/new/sim_top_level.vhd
Note: Analog In = 0, Raw mV = 0, Filtered mV = 0
Time: 90 ns  Iteration: 1  Process: /sim_top_tb/monitor  File: C:/Users/Redmi/Documents/ELECTRICAL-LAB/MyProjects/ADC_filtr_signal_WorkNoisi/ADC_filtr_signal.srcs/sim_1/imports/new/sim_top_level.vhd
Note: Analog In = 0, Raw mV = 0, Filtered mV = 0
Time: 100 ns  Iteration: 1  Process: /sim_top_tb/monitor  File: C:/Users/Redmi/Documents/ELECTRICAL-LAB/MyProjects/ADC_filtr_signal_WorkNoisi/ADC_filtr_signal.srcs/sim_1/imports/new/sim_top_level.vhd
Note: Analog In = 0, Raw mV = 0, Filtered mV = 0
Time: 110 ns  Iteration: 1  Process: /sim_top_tb/monitor  File: C:/Users/Redmi/Documents/ELECTRICAL-LAB/MyProjects/ADC_filtr_signal_WorkNoisi/ADC_filtr_signal.srcs/sim_1/imports/new/sim_top_level.vhd
Note: Analog In = 0, Raw mV = 0, Filtered mV = 0
Time: 120 ns  Iteration: 1  Process: /sim_top_tb/monitor  File: C:/Users/Redmi/Documents/ELECTRICAL-LAB/MyProjects/ADC_filtr_signal_WorkNoisi/ADC_filtr_signal.srcs/sim_1/imports/new/sim_top_level.vhd
Note: Analog In = 0, Raw mV = 0, Filtered mV = 0
Time: 130 ns  Iteration: 1  Process: /sim_top_tb/monitor  File: C:/Users/Redmi/Documents/ELECTRICAL-LAB/MyProjects/ADC_filtr_signal_WorkNoisi/ADC_filtr_signal.srcs/sim_1/imports/new/sim_top_level.vhd
Note: Analog In = 0, Raw mV = 0, Filtered mV = 0
Time: 140 ns  Iteration: 1  Process: /sim_top_tb/monitor  File: C:/Users/Redmi/Documents/ELECTRICAL-LAB/MyProjects/ADC_filtr_signal_WorkNoisi/ADC_filtr_signal.srcs/sim_1/imports/new/sim_top_level.vhd
Note: Analog In = 0, Raw mV = 0, Filtered mV = 0
Time: 150 ns  Iteration: 1  Process: /sim_top_tb/monitor  File: C:/Users/Redmi/Documents/ELECTRICAL-LAB/MyProjects/ADC_filtr_signal_WorkNoisi/ADC_filtr_signal.srcs/sim_1/imports/new/sim_top_level.vhd
Note: Analog In = 0, Raw mV = 0, Filtered mV = 0
Time: 160 ns  Iteration: 1  Process: /sim_top_tb/monitor  File: C:/Users/Redmi/Documents/ELECTRICAL-LAB/MyProjects/ADC_filtr_signal_WorkNoisi/ADC_filtr_signal.srcs/sim_1/imports/new/sim_top_level.vhd
Note: Analog In = 0, Raw mV = 0, Filtered mV = 0
Time: 170 ns  Iteration: 1  Process: /sim_top_tb/monitor  File: C:/Users/Redmi/Documents/ELECTRICAL-LAB/MyProjects/ADC_filtr_signal_WorkNoisi/ADC_filtr_signal.srcs/sim_1/imports/new/sim_top_level.vhd
Note: Analog In = 0, Raw mV = 0, Filtered mV = 0
Time: 180 ns  Iteration: 1  Process: /sim_top_tb/monitor  File: C:/Users/Redmi/Documents/ELECTRICAL-LAB/MyProjects/ADC_filtr_signal_WorkNoisi/ADC_filtr_signal.srcs/sim_1/imports/new/sim_top_level.vhd
Note: Analog In = 0, Raw mV = 0, Filtered mV = 0
Time: 190 ns  Iteration: 1  Process: /sim_top_tb/monitor  File: C:/Users/Redmi/Documents/ELECTRICAL-LAB/MyProjects/ADC_filtr_signal_WorkNoisi/ADC_filtr_signal.srcs/sim_1/imports/new/sim_top_level.vhd
Note: Analog In = 0, Raw mV = 0, Filtered mV = 0
Time: 200 ns  Iteration: 1  Process: /sim_top_tb/monitor  File: C:/Users/Redmi/Documents/ELECTRICAL-LAB/MyProjects/ADC_filtr_signal_WorkNoisi/ADC_filtr_signal.srcs/sim_1/imports/new/sim_top_level.vhd
Note: Analog In = 0, Raw mV = 0, Filtered mV = 0
Time: 210 ns  Iteration: 1  Process: /sim_top_tb/monitor  File: C:/Users/Redmi/Documents/ELECTRICAL-LAB/MyProjects/ADC_filtr_signal_WorkNoisi/ADC_filtr_signal.srcs/sim_1/imports/new/sim_top_level.vhd
Note: Analog In = 0, Raw mV = 0, Filtered mV = 0
Time: 220 ns  Iteration: 1  Process: /sim_top_tb/monitor  File: C:/Users/Redmi/Documents/ELECTRICAL-LAB/MyProjects/ADC_filtr_signal_WorkNoisi/ADC_filtr_signal.srcs/sim_1/imports/new/sim_top_level.vhd
Note: Analog In = 0, Raw mV = 0, Filtered mV = 0
Time: 230 ns  Iteration: 1  Process: /sim_top_tb/monitor  File: C:/Users/Redmi/Documents/ELECTRICAL-LAB/MyProjects/ADC_filtr_signal_WorkNoisi/ADC_filtr_signal.srcs/sim_1/imports/new/sim_top_level.vhd
Note: Analog In = 0, Raw mV = 0, Filtered mV = 0
Time: 240 ns  Iteration: 1  Process: /sim_top_tb/monitor  File: C:/Users/Redmi/Documents/ELECTRICAL-LAB/MyProjects/ADC_filtr_signal_WorkNoisi/ADC_filtr_signal.srcs/sim_1/imports/new/sim_top_level.vhd
Note: Analog In = 0, Raw mV = 0, Filtered mV = 0
Time: 250 ns  Iteration: 1  Process: /sim_top_tb/monitor  File: C:/Users/Redmi/Documents/ELECTRICAL-LAB/MyProjects/ADC_filtr_signal_WorkNoisi/ADC_filtr_signal.srcs/sim_1/imports/new/sim_top_level.vhd
Note: Analog In = 0, Raw mV = 0, Filtered mV = 0
Time: 260 ns  Iteration: 1  Process: /sim_top_tb/monitor  File: C:/Users/Redmi/Documents/ELECTRICAL-LAB/MyProjects/ADC_filtr_signal_WorkNoisi/ADC_filtr_signal.srcs/sim_1/imports/new/sim_top_level.vhd
Note: Analog In = 0, Raw mV = 0, Filtered mV = 0
Time: 270 ns  Iteration: 1  Process: /sim_top_tb/monitor  File: C:/Users/Redmi/Documents/ELECTRICAL-LAB/MyProjects/ADC_filtr_signal_WorkNoisi/ADC_filtr_signal.srcs/sim_1/imports/new/sim_top_level.vhd
Note: Analog In = 44, Raw mV = 0, Filtered mV = 0
Time: 280 ns  Iteration: 1  Process: /sim_top_tb/monitor  File: C:/Users/Redmi/Documents/ELECTRICAL-LAB/MyProjects/ADC_filtr_signal_WorkNoisi/ADC_filtr_signal.srcs/sim_1/imports/new/sim_top_level.vhd
Note: Analog In = 44, Raw mV = 0, Filtered mV = 0
Time: 290 ns  Iteration: 1  Process: /sim_top_tb/monitor  File: C:/Users/Redmi/Documents/ELECTRICAL-LAB/MyProjects/ADC_filtr_signal_WorkNoisi/ADC_filtr_signal.srcs/sim_1/imports/new/sim_top_level.vhd
Note: Analog In = 101, Raw mV = 0, Filtered mV = 1
Time: 300 ns  Iteration: 1  Process: /sim_top_tb/monitor  File: C:/Users/Redmi/Documents/ELECTRICAL-LAB/MyProjects/ADC_filtr_signal_WorkNoisi/ADC_filtr_signal.srcs/sim_1/imports/new/sim_top_level.vhd
Note: Analog In = 101, Raw mV = 1, Filtered mV = 1
Time: 310 ns  Iteration: 1  Process: /sim_top_tb/monitor  File: C:/Users/Redmi/Documents/ELECTRICAL-LAB/MyProjects/ADC_filtr_signal_WorkNoisi/ADC_filtr_signal.srcs/sim_1/imports/new/sim_top_level.vhd
Note: Analog In = 175, Raw mV = 1, Filtered mV = 2
Time: 320 ns  Iteration: 1  Process: /sim_top_tb/monitor  File: C:/Users/Redmi/Documents/ELECTRICAL-LAB/MyProjects/ADC_filtr_signal_WorkNoisi/ADC_filtr_signal.srcs/sim_1/imports/new/sim_top_level.vhd
Note: Analog In = 217, Raw mV = 2, Filtered mV = 3
Time: 330 ns  Iteration: 1  Process: /sim_top_tb/monitor  File: C:/Users/Redmi/Documents/ELECTRICAL-LAB/MyProjects/ADC_filtr_signal_WorkNoisi/ADC_filtr_signal.srcs/sim_1/imports/new/sim_top_level.vhd
Note: Analog In = 261, Raw mV = 3, Filtered mV = 3
Time: 340 ns  Iteration: 1  Process: /sim_top_tb/monitor  File: C:/Users/Redmi/Documents/ELECTRICAL-LAB/MyProjects/ADC_filtr_signal_WorkNoisi/ADC_filtr_signal.srcs/sim_1/imports/new/sim_top_level.vhd
Note: Analog In = 308, Raw mV = 3, Filtered mV = 4
Time: 350 ns  Iteration: 1  Process: /sim_top_tb/monitor  File: C:/Users/Redmi/Documents/ELECTRICAL-LAB/MyProjects/ADC_filtr_signal_WorkNoisi/ADC_filtr_signal.srcs/sim_1/imports/new/sim_top_level.vhd
Note: Analog In = 357, Raw mV = 4, Filtered mV = 5
Time: 360 ns  Iteration: 1  Process: /sim_top_tb/monitor  File: C:/Users/Redmi/Documents/ELECTRICAL-LAB/MyProjects/ADC_filtr_signal_WorkNoisi/ADC_filtr_signal.srcs/sim_1/imports/new/sim_top_level.vhd
Note: Analog In = 408, Raw mV = 5, Filtered mV = 6
Time: 370 ns  Iteration: 1  Process: /sim_top_tb/monitor  File: C:/Users/Redmi/Documents/ELECTRICAL-LAB/MyProjects/ADC_filtr_signal_WorkNoisi/ADC_filtr_signal.srcs/sim_1/imports/new/sim_top_level.vhd
Note: Analog In = 461, Raw mV = 6, Filtered mV = 6
Time: 380 ns  Iteration: 1  Process: /sim_top_tb/monitor  File: C:/Users/Redmi/Documents/ELECTRICAL-LAB/MyProjects/ADC_filtr_signal_WorkNoisi/ADC_filtr_signal.srcs/sim_1/imports/new/sim_top_level.vhd
Note: Analog In = 515, Raw mV = 7, Filtered mV = 7
Time: 390 ns  Iteration: 1  Process: /sim_top_tb/monitor  File: C:/Users/Redmi/Documents/ELECTRICAL-LAB/MyProjects/ADC_filtr_signal_WorkNoisi/ADC_filtr_signal.srcs/sim_1/imports/new/sim_top_level.vhd
Note: Analog In = 570, Raw mV = 7, Filtered mV = 8
Time: 400 ns  Iteration: 1  Process: /sim_top_tb/monitor  File: C:/Users/Redmi/Documents/ELECTRICAL-LAB/MyProjects/ADC_filtr_signal_WorkNoisi/ADC_filtr_signal.srcs/sim_1/imports/new/sim_top_level.vhd
Note: Analog In = 626, Raw mV = 8, Filtered mV = 9
Time: 410 ns  Iteration: 1  Process: /sim_top_tb/monitor  File: C:/Users/Redmi/Documents/ELECTRICAL-LAB/MyProjects/ADC_filtr_signal_WorkNoisi/ADC_filtr_signal.srcs/sim_1/imports/new/sim_top_level.vhd
Note: Analog In = 683, Raw mV = 9, Filtered mV = 10
Time: 420 ns  Iteration: 1  Process: /sim_top_tb/monitor  File: C:/Users/Redmi/Documents/ELECTRICAL-LAB/MyProjects/ADC_filtr_signal_WorkNoisi/ADC_filtr_signal.srcs/sim_1/imports/new/sim_top_level.vhd
Note: Analog In = 741, Raw mV = 10, Filtered mV = 11
Time: 430 ns  Iteration: 1  Process: /sim_top_tb/monitor  File: C:/Users/Redmi/Documents/ELECTRICAL-LAB/MyProjects/ADC_filtr_signal_WorkNoisi/ADC_filtr_signal.srcs/sim_1/imports/new/sim_top_level.vhd
Note: Analog In = 800, Raw mV = 11, Filtered mV = 12
Time: 440 ns  Iteration: 1  Process: /sim_top_tb/monitor  File: C:/Users/Redmi/Documents/ELECTRICAL-LAB/MyProjects/ADC_filtr_signal_WorkNoisi/ADC_filtr_signal.srcs/sim_1/imports/new/sim_top_level.vhd
Note: Analog In = 860, Raw mV = 12, Filtered mV = 12
Time: 450 ns  Iteration: 1  Process: /sim_top_tb/monitor  File: C:/Users/Redmi/Documents/ELECTRICAL-LAB/MyProjects/ADC_filtr_signal_WorkNoisi/ADC_filtr_signal.srcs/sim_1/imports/new/sim_top_level.vhd
Note: Analog In = 920, Raw mV = 13, Filtered mV = 13
Time: 460 ns  Iteration: 1  Process: /sim_top_tb/monitor  File: C:/Users/Redmi/Documents/ELECTRICAL-LAB/MyProjects/ADC_filtr_signal_WorkNoisi/ADC_filtr_signal.srcs/sim_1/imports/new/sim_top_level.vhd
Note: Analog In = 981, Raw mV = 14, Filtered mV = 14
Time: 470 ns  Iteration: 1  Process: /sim_top_tb/monitor  File: C:/Users/Redmi/Documents/ELECTRICAL-LAB/MyProjects/ADC_filtr_signal_WorkNoisi/ADC_filtr_signal.srcs/sim_1/imports/new/sim_top_level.vhd
Note: Analog In = 1042, Raw mV = 14, Filtered mV = 15
Time: 480 ns  Iteration: 1  Process: /sim_top_tb/monitor  File: C:/Users/Redmi/Documents/ELECTRICAL-LAB/MyProjects/ADC_filtr_signal_WorkNoisi/ADC_filtr_signal.srcs/sim_1/imports/new/sim_top_level.vhd
Note: Analog In = 1103, Raw mV = 15, Filtered mV = 16
Time: 490 ns  Iteration: 1  Process: /sim_top_tb/monitor  File: C:/Users/Redmi/Documents/ELECTRICAL-LAB/MyProjects/ADC_filtr_signal_WorkNoisi/ADC_filtr_signal.srcs/sim_1/imports/new/sim_top_level.vhd
Note: Analog In = 1165, Raw mV = 16, Filtered mV = 17
Time: 500 ns  Iteration: 1  Process: /sim_top_tb/monitor  File: C:/Users/Redmi/Documents/ELECTRICAL-LAB/MyProjects/ADC_filtr_signal_WorkNoisi/ADC_filtr_signal.srcs/sim_1/imports/new/sim_top_level.vhd
Note: Analog In = 1227, Raw mV = 17, Filtered mV = 18
Time: 510 ns  Iteration: 1  Process: /sim_top_tb/monitor  File: C:/Users/Redmi/Documents/ELECTRICAL-LAB/MyProjects/ADC_filtr_signal_WorkNoisi/ADC_filtr_signal.srcs/sim_1/imports/new/sim_top_level.vhd
Note: Analog In = 1289, Raw mV = 18, Filtered mV = 19
Time: 520 ns  Iteration: 1  Process: /sim_top_tb/monitor  File: C:/Users/Redmi/Documents/ELECTRICAL-LAB/MyProjects/ADC_filtr_signal_WorkNoisi/ADC_filtr_signal.srcs/sim_1/imports/new/sim_top_level.vhd
Note: Analog In = 1351, Raw mV = 19, Filtered mV = 20
Time: 530 ns  Iteration: 1  Process: /sim_top_tb/monitor  File: C:/Users/Redmi/Documents/ELECTRICAL-LAB/MyProjects/ADC_filtr_signal_WorkNoisi/ADC_filtr_signal.srcs/sim_1/imports/new/sim_top_level.vhd
Note: Analog In = 1414, Raw mV = 20, Filtered mV = 21
Time: 540 ns  Iteration: 1  Process: /sim_top_tb/monitor  File: C:/Users/Redmi/Documents/ELECTRICAL-LAB/MyProjects/ADC_filtr_signal_WorkNoisi/ADC_filtr_signal.srcs/sim_1/imports/new/sim_top_level.vhd
Note: Analog In = 1477, Raw mV = 21, Filtered mV = 22
Time: 550 ns  Iteration: 1  Process: /sim_top_tb/monitor  File: C:/Users/Redmi/Documents/ELECTRICAL-LAB/MyProjects/ADC_filtr_signal_WorkNoisi/ADC_filtr_signal.srcs/sim_1/imports/new/sim_top_level.vhd
Note: Analog In = 1540, Raw mV = 22, Filtered mV = 23
Time: 560 ns  Iteration: 1  Process: /sim_top_tb/monitor  File: C:/Users/Redmi/Documents/ELECTRICAL-LAB/MyProjects/ADC_filtr_signal_WorkNoisi/ADC_filtr_signal.srcs/sim_1/imports/new/sim_top_level.vhd
Note: Analog In = 1603, Raw mV = 23, Filtered mV = 24
Time: 570 ns  Iteration: 1  Process: /sim_top_tb/monitor  File: C:/Users/Redmi/Documents/ELECTRICAL-LAB/MyProjects/ADC_filtr_signal_WorkNoisi/ADC_filtr_signal.srcs/sim_1/imports/new/sim_top_level.vhd
Note: Analog In = 1666, Raw mV = 24, Filtered mV = 25
Time: 580 ns  Iteration: 1  Process: /sim_top_tb/monitor  File: C:/Users/Redmi/Documents/ELECTRICAL-LAB/MyProjects/ADC_filtr_signal_WorkNoisi/ADC_filtr_signal.srcs/sim_1/imports/new/sim_top_level.vhd
Note: Analog In = 1729, Raw mV = 25, Filtered mV = 26
Time: 590 ns  Iteration: 1  Process: /sim_top_tb/monitor  File: C:/Users/Redmi/Documents/ELECTRICAL-LAB/MyProjects/ADC_filtr_signal_WorkNoisi/ADC_filtr_signal.srcs/sim_1/imports/new/sim_top_level.vhd
Note: Analog In = 1792, Raw mV = 26, Filtered mV = 27
Time: 600 ns  Iteration: 1  Process: /sim_top_tb/monitor  File: C:/Users/Redmi/Documents/ELECTRICAL-LAB/MyProjects/ADC_filtr_signal_WorkNoisi/ADC_filtr_signal.srcs/sim_1/imports/new/sim_top_level.vhd
Note: Analog In = 1856, Raw mV = 27, Filtered mV = 28
Time: 610 ns  Iteration: 1  Process: /sim_top_tb/monitor  File: C:/Users/Redmi/Documents/ELECTRICAL-LAB/MyProjects/ADC_filtr_signal_WorkNoisi/ADC_filtr_signal.srcs/sim_1/imports/new/sim_top_level.vhd
Note: Analog In = 1920, Raw mV = 28, Filtered mV = 29
Time: 620 ns  Iteration: 1  Process: /sim_top_tb/monitor  File: C:/Users/Redmi/Documents/ELECTRICAL-LAB/MyProjects/ADC_filtr_signal_WorkNoisi/ADC_filtr_signal.srcs/sim_1/imports/new/sim_top_level.vhd
Note: Analog In = 1984, Raw mV = 29, Filtered mV = 30
Time: 630 ns  Iteration: 1  Process: /sim_top_tb/monitor  File: C:/Users/Redmi/Documents/ELECTRICAL-LAB/MyProjects/ADC_filtr_signal_WorkNoisi/ADC_filtr_signal.srcs/sim_1/imports/new/sim_top_level.vhd
Note: Analog In = 2048, Raw mV = 30, Filtered mV = 31
Time: 640 ns  Iteration: 1  Process: /sim_top_tb/monitor  File: C:/Users/Redmi/Documents/ELECTRICAL-LAB/MyProjects/ADC_filtr_signal_WorkNoisi/ADC_filtr_signal.srcs/sim_1/imports/new/sim_top_level.vhd
Note: Analog In = 2112, Raw mV = 31, Filtered mV = 32
Time: 650 ns  Iteration: 1  Process: /sim_top_tb/monitor  File: C:/Users/Redmi/Documents/ELECTRICAL-LAB/MyProjects/ADC_filtr_signal_WorkNoisi/ADC_filtr_signal.srcs/sim_1/imports/new/sim_top_level.vhd
Note: Analog In = 2176, Raw mV = 32, Filtered mV = 33
Time: 660 ns  Iteration: 1  Process: /sim_top_tb/monitor  File: C:/Users/Redmi/Documents/ELECTRICAL-LAB/MyProjects/ADC_filtr_signal_WorkNoisi/ADC_filtr_signal.srcs/sim_1/imports/new/sim_top_level.vhd
Note: Analog In = 2240, Raw mV = 33, Filtered mV = 34
Time: 670 ns  Iteration: 1  Process: /sim_top_tb/monitor  File: C:/Users/Redmi/Documents/ELECTRICAL-LAB/MyProjects/ADC_filtr_signal_WorkNoisi/ADC_filtr_signal.srcs/sim_1/imports/new/sim_top_level.vhd
Note: Analog In = 2304, Raw mV = 34, Filtered mV = 35
Time: 680 ns  Iteration: 1  Process: /sim_top_tb/monitor  File: C:/Users/Redmi/Documents/ELECTRICAL-LAB/MyProjects/ADC_filtr_signal_WorkNoisi/ADC_filtr_signal.srcs/sim_1/imports/new/sim_top_level.vhd
Note: Analog In = 2368, Raw mV = 35, Filtered mV = 36
Time: 690 ns  Iteration: 1  Process: /sim_top_tb/monitor  File: C:/Users/Redmi/Documents/ELECTRICAL-LAB/MyProjects/ADC_filtr_signal_WorkNoisi/ADC_filtr_signal.srcs/sim_1/imports/new/sim_top_level.vhd
Note: Analog In = 2432, Raw mV = 36, Filtered mV = 37
Time: 700 ns  Iteration: 1  Process: /sim_top_tb/monitor  File: C:/Users/Redmi/Documents/ELECTRICAL-LAB/MyProjects/ADC_filtr_signal_WorkNoisi/ADC_filtr_signal.srcs/sim_1/imports/new/sim_top_level.vhd
Note: Analog In = 2496, Raw mV = 37, Filtered mV = 38
Time: 710 ns  Iteration: 1  Process: /sim_top_tb/monitor  File: C:/Users/Redmi/Documents/ELECTRICAL-LAB/MyProjects/ADC_filtr_signal_WorkNoisi/ADC_filtr_signal.srcs/sim_1/imports/new/sim_top_level.vhd
Note: Analog In = 2560, Raw mV = 38, Filtered mV = 39
Time: 720 ns  Iteration: 1  Process: /sim_top_tb/monitor  File: C:/Users/Redmi/Documents/ELECTRICAL-LAB/MyProjects/ADC_filtr_signal_WorkNoisi/ADC_filtr_signal.srcs/sim_1/imports/new/sim_top_level.vhd
Note: Analog In = 2624, Raw mV = 39, Filtered mV = 40
Time: 730 ns  Iteration: 1  Process: /sim_top_tb/monitor  File: C:/Users/Redmi/Documents/ELECTRICAL-LAB/MyProjects/ADC_filtr_signal_WorkNoisi/ADC_filtr_signal.srcs/sim_1/imports/new/sim_top_level.vhd
Note: Analog In = 2688, Raw mV = 40, Filtered mV = 41
Time: 740 ns  Iteration: 1  Process: /sim_top_tb/monitor  File: C:/Users/Redmi/Documents/ELECTRICAL-LAB/MyProjects/ADC_filtr_signal_WorkNoisi/ADC_filtr_signal.srcs/sim_1/imports/new/sim_top_level.vhd
Note: Analog In = 2752, Raw mV = 41, Filtered mV = 42
Time: 750 ns  Iteration: 1  Process: /sim_top_tb/monitor  File: C:/Users/Redmi/Documents/ELECTRICAL-LAB/MyProjects/ADC_filtr_signal_WorkNoisi/ADC_filtr_signal.srcs/sim_1/imports/new/sim_top_level.vhd
Note: Analog In = 2816, Raw mV = 41, Filtered mV = 42
Time: 760 ns  Iteration: 1  Process: /sim_top_tb/monitor  File: C:/Users/Redmi/Documents/ELECTRICAL-LAB/MyProjects/ADC_filtr_signal_WorkNoisi/ADC_filtr_signal.srcs/sim_1/imports/new/sim_top_level.vhd
Note: Analog In = 2880, Raw mV = 42, Filtered mV = 43
Time: 770 ns  Iteration: 1  Process: /sim_top_tb/monitor  File: C:/Users/Redmi/Documents/ELECTRICAL-LAB/MyProjects/ADC_filtr_signal_WorkNoisi/ADC_filtr_signal.srcs/sim_1/imports/new/sim_top_level.vhd
Note: Analog In = 2944, Raw mV = 43, Filtered mV = 44
Time: 780 ns  Iteration: 1  Process: /sim_top_tb/monitor  File: C:/Users/Redmi/Documents/ELECTRICAL-LAB/MyProjects/ADC_filtr_signal_WorkNoisi/ADC_filtr_signal.srcs/sim_1/imports/new/sim_top_level.vhd
Note: Analog In = 3008, Raw mV = 44, Filtered mV = 45
Time: 790 ns  Iteration: 1  Process: /sim_top_tb/monitor  File: C:/Users/Redmi/Documents/ELECTRICAL-LAB/MyProjects/ADC_filtr_signal_WorkNoisi/ADC_filtr_signal.srcs/sim_1/imports/new/sim_top_level.vhd
Note: Analog In = 3072, Raw mV = 45, Filtered mV = 46
Time: 800 ns  Iteration: 1  Process: /sim_top_tb/monitor  File: C:/Users/Redmi/Documents/ELECTRICAL-LAB/MyProjects/ADC_filtr_signal_WorkNoisi/ADC_filtr_signal.srcs/sim_1/imports/new/sim_top_level.vhd
Note: Analog In = 3136, Raw mV = 46, Filtered mV = 47
Time: 810 ns  Iteration: 1  Process: /sim_top_tb/monitor  File: C:/Users/Redmi/Documents/ELECTRICAL-LAB/MyProjects/ADC_filtr_signal_WorkNoisi/ADC_filtr_signal.srcs/sim_1/imports/new/sim_top_level.vhd
Note: Analog In = 3200, Raw mV = 47, Filtered mV = 48
Time: 820 ns  Iteration: 1  Process: /sim_top_tb/monitor  File: C:/Users/Redmi/Documents/ELECTRICAL-LAB/MyProjects/ADC_filtr_signal_WorkNoisi/ADC_filtr_signal.srcs/sim_1/imports/new/sim_top_level.vhd
Note: Analog In = 3264, Raw mV = 48, Filtered mV = 49
Time: 830 ns  Iteration: 1  Process: /sim_top_tb/monitor  File: C:/Users/Redmi/Documents/ELECTRICAL-LAB/MyProjects/ADC_filtr_signal_WorkNoisi/ADC_filtr_signal.srcs/sim_1/imports/new/sim_top_level.vhd
Note: Analog In = 3328, Raw mV = 49, Filtered mV = 50
Time: 840 ns  Iteration: 1  Process: /sim_top_tb/monitor  File: C:/Users/Redmi/Documents/ELECTRICAL-LAB/MyProjects/ADC_filtr_signal_WorkNoisi/ADC_filtr_signal.srcs/sim_1/imports/new/sim_top_level.vhd
Note: Analog In = 3392, Raw mV = 50, Filtered mV = 51
Time: 850 ns  Iteration: 1  Process: /sim_top_tb/monitor  File: C:/Users/Redmi/Documents/ELECTRICAL-LAB/MyProjects/ADC_filtr_signal_WorkNoisi/ADC_filtr_signal.srcs/sim_1/imports/new/sim_top_level.vhd
Note: Analog In = 3456, Raw mV = 51, Filtered mV = 52
Time: 860 ns  Iteration: 1  Process: /sim_top_tb/monitor  File: C:/Users/Redmi/Documents/ELECTRICAL-LAB/MyProjects/ADC_filtr_signal_WorkNoisi/ADC_filtr_signal.srcs/sim_1/imports/new/sim_top_level.vhd
Note: Analog In = 3520, Raw mV = 52, Filtered mV = 53
Time: 870 ns  Iteration: 1  Process: /sim_top_tb/monitor  File: C:/Users/Redmi/Documents/ELECTRICAL-LAB/MyProjects/ADC_filtr_signal_WorkNoisi/ADC_filtr_signal.srcs/sim_1/imports/new/sim_top_level.vhd
Note: Analog In = 3584, Raw mV = 53, Filtered mV = 54
Time: 880 ns  Iteration: 1  Process: /sim_top_tb/monitor  File: C:/Users/Redmi/Documents/ELECTRICAL-LAB/MyProjects/ADC_filtr_signal_WorkNoisi/ADC_filtr_signal.srcs/sim_1/imports/new/sim_top_level.vhd
Note: Analog In = 3648, Raw mV = 54, Filtered mV = 55
Time: 890 ns  Iteration: 1  Process: /sim_top_tb/monitor  File: C:/Users/Redmi/Documents/ELECTRICAL-LAB/MyProjects/ADC_filtr_signal_WorkNoisi/ADC_filtr_signal.srcs/sim_1/imports/new/sim_top_level.vhd
Note: Analog In = 3704, Raw mV = 55, Filtered mV = 56
Time: 900 ns  Iteration: 1  Process: /sim_top_tb/monitor  File: C:/Users/Redmi/Documents/ELECTRICAL-LAB/MyProjects/ADC_filtr_signal_WorkNoisi/ADC_filtr_signal.srcs/sim_1/imports/new/sim_top_level.vhd
Note: Analog In = 3753, Raw mV = 56, Filtered mV = 57
Time: 910 ns  Iteration: 1  Process: /sim_top_tb/monitor  File: C:/Users/Redmi/Documents/ELECTRICAL-LAB/MyProjects/ADC_filtr_signal_WorkNoisi/ADC_filtr_signal.srcs/sim_1/imports/new/sim_top_level.vhd
Note: Analog In = 3795, Raw mV = 57, Filtered mV = 57
Time: 920 ns  Iteration: 1  Process: /sim_top_tb/monitor  File: C:/Users/Redmi/Documents/ELECTRICAL-LAB/MyProjects/ADC_filtr_signal_WorkNoisi/ADC_filtr_signal.srcs/sim_1/imports/new/sim_top_level.vhd
Note: Analog In = 3795, Raw mV = 57, Filtered mV = 57
Time: 930 ns  Iteration: 1  Process: /sim_top_tb/monitor  File: C:/Users/Redmi/Documents/ELECTRICAL-LAB/MyProjects/ADC_filtr_signal_WorkNoisi/ADC_filtr_signal.srcs/sim_1/imports/new/sim_top_level.vhd
Note: Analog In = 3865, Raw mV = 57, Filtered mV = 58
Time: 940 ns  Iteration: 1  Process: /sim_top_tb/monitor  File: C:/Users/Redmi/Documents/ELECTRICAL-LAB/MyProjects/ADC_filtr_signal_WorkNoisi/ADC_filtr_signal.srcs/sim_1/imports/new/sim_top_level.vhd
Note: Analog In = 3865, Raw mV = 58, Filtered mV = 58
Time: 950 ns  Iteration: 1  Process: /sim_top_tb/monitor  File: C:/Users/Redmi/Documents/ELECTRICAL-LAB/MyProjects/ADC_filtr_signal_WorkNoisi/ADC_filtr_signal.srcs/sim_1/imports/new/sim_top_level.vhd
Note: Analog In = 3918, Raw mV = 58, Filtered mV = 59
Time: 960 ns  Iteration: 1  Process: /sim_top_tb/monitor  File: C:/Users/Redmi/Documents/ELECTRICAL-LAB/MyProjects/ADC_filtr_signal_WorkNoisi/ADC_filtr_signal.srcs/sim_1/imports/new/sim_top_level.vhd
Note: Analog In = 3918, Raw mV = 59, Filtered mV = 59
Time: 970 ns  Iteration: 1  Process: /sim_top_tb/monitor  File