#-----------------------------------------------------------
# Vivado v2020.2 (64-bit)
# SW Build 3064766 on Wed Nov 18 09:12:45 MST 2020
# IP Build 3064653 on Wed Nov 18 14:17:31 MST 2020
# Start of session at: Mon May  5 12:49:00 2025
# Process ID: 13588
# Current directory: C:/Users/262069/ADC_filtr_signal
# Command line: vivado.exe -gui_launcher_event rodinguilauncherevent12332 C:\Users\262069\ADC_filtr_signal\ADC_filtr_signal.xpr
# Log file: C:/Users/262069/ADC_filtr_signal/vivado.log
# Journal file: C:/Users/262069/ADC_filtr_signal\vivado.jou
#-----------------------------------------------------------
start_gui
open_project C:/Users/262069/ADC_filtr_signal/ADC_filtr_signal.xpr
WARNING: [filemgmt 56-3] Default IP Output Path : Could not find the directory 'C:/Users/262069/ADC_filtr_signal/ADC_filtr_signal.gen/sources_1'.
Scanning sources...
Finished scanning sources
INFO: [IP_Flow 19-234] Refreshing IP repositories
INFO: [IP_Flow 19-1704] No user IP repositories specified
INFO: [IP_Flow 19-2313] Loaded Vivado IP repository 'C:/appz/Xilinx/Vivado/2020.2/data/ip'.
update_compile_order -fileset sources_1
exit
INFO: [Common 17-206] Exiting Vivado at Mon May  5 12:49:25 2025...
