
*** Running vivado
    with args -log top_level.vdi -applog -m64 -product Vivado -messageDb vivado.pb -mode batch -source top_level.tcl -notrace



****** Vivado v2020.2 (64-bit)
  **** SW Build 3064766 on Wed Nov 18 09:12:45 MST 2020
  **** IP Build 3064653 on Wed Nov 18 14:17:31 MST 2020
    ** Copyright 1986-2020 Xilinx, Inc. All Rights Reserved.

source top_level.tcl -notrace
Command: link_design -top top_level -part xc7a50ticsg324-1L
Design is defaulting to srcset: sources_1
Design is defaulting to constrset: constrs_1
INFO: [Device 21-403] Loading part xc7a50ticsg324-1L
Netlist sorting complete. Time (s): cpu = 00:00:00 ; elapsed = 00:00:00.012 . Memory (MB): peak = 999.484 ; gain = 0.000
INFO: [Netlist 29-17] Analyzing 168 Unisim elements for replacement
INFO: [Netlist 29-28] Unisim Transformation completed in 0 CPU seconds
INFO: [Project 1-479] Netlist was created with Vivado 2020.2
INFO: [Project 1-570] Preparing netlist for logic optimization
Parsing XDC File [C:/Users/262069/ADC_filtr_signal/ADC_filtr_signal.srcs/constrs_1/imports/new/nexys_a7.xdc]
CRITICAL WARNING: [Vivado 12-1411] Cannot set LOC property of ports, core/u_xadc Illegal to place instance core/u_xadc on site ILOGIC_X0Y82. The location site type (ILOGICE3) and bel type (ILOGICE3_IFF) do not match the cell type (XADC). Instance core/u_xadc belongs to a shape with reference instance vp_in_IBUF_inst. Shape elements have relative placement respect to each other. The invalid location might results from a constraint on any of the instance in the shape. [C:/Users/262069/ADC_filtr_signal/ADC_filtr_signal.srcs/constrs_1/imports/new/nexys_a7.xdc:5]
CRITICAL WARNING: [Vivado 12-1411] Cannot set LOC property of ports, core/u_xadc Illegal to place instance core/u_xadc on site ILOGIC_X0Y82. The location site type (ILOGICE3) and bel type (ILOGICE3_IFF) do not match the cell type (XADC). Instance core/u_xadc belongs to a shape with reference instance vp_in_IBUF_inst. Shape elements have relative placement respect to each other. The invalid location might results from a constraint on any of the instance in the shape. [C:/Users/262069/ADC_filtr_signal/ADC_filtr_signal.srcs/constrs_1/imports/new/nexys_a7.xdc:6]
Finished Parsing XDC File [C:/Users/262069/ADC_filtr_signal/ADC_filtr_signal.srcs/constrs_1/imports/new/nexys_a7.xdc]
INFO: [Opt 31-138] Pushed 0 inverter(s) to 0 load pin(s).
Netlist sorting complete. Time (s): cpu = 00:00:00 ; elapsed = 00:00:00 . Memory (MB): peak = 999.484 ; gain = 0.000
INFO: [Project 1-111] Unisim Transformation Summary:
No Unisim elements were transformed.

7 Infos, 0 Warnings, 2 Critical Warnings and 0 Errors encountered.
link_design completed successfully
link_design: Time (s): cpu = 00:00:06 ; elapsed = 00:00:07 . Memory (MB): peak = 999.484 ; gain = 0.000
Command: opt_design
Attempting to get a license for feature 'Implementation' and/or device 'xc7a50ti'
INFO: [Common 17-349] Got license for feature 'Implementation' and/or device 'xc7a50ti'
Running DRC as a precondition to command opt_design

Starting DRC Task
INFO: [DRC 23-27] Running DRC with 2 threads
INFO: [Project 1-461] DRC finished with 0 Errors
INFO: [Project 1-462] Please refer to the DRC report (report_drc) for more information.

Time (s): cpu = 00:00:01 ; elapsed = 00:00:00.913 . Memory (MB): peak = 999.484 ; gain = 0.000

Starting Cache Timing Information Task
INFO: [Timing 38-35] Done setting XDC timing constraints.
Ending Cache Timing Information Task | Checksum: 171353690

Time (s): cpu = 00:00:07 ; elapsed = 00:00:07 . Memory (MB): peak = 1196.246 ; gain = 196.762

Starting Logic Optimization Task

Phase 1 Retarget
INFO: [Opt 31-138] Pushed 0 inverter(s) to 0 load pin(s).
INFO: [Opt 31-49] Retargeted 0 cell(s).
Phase 1 Retarget | Checksum: 171353690

Time (s): cpu = 00:00:01 ; elapsed = 00:00:00.062 . Memory (MB): peak = 1405.801 ; gain = 0.000
INFO: [Opt 31-389] Phase Retarget created 0 cells and removed 0 cells

Phase 2 Constant propagation
INFO: [Opt 31-138] Pushed 0 inverter(s) to 0 load pin(s).
Phase 2 Constant propagation | Checksum: 17e88cda0

Time (s): cpu = 00:00:01 ; elapsed = 00:00:00.074 . Memory (MB): peak = 1405.801 ; gain = 0.000
INFO: [Opt 31-389] Phase Constant propagation created 0 cells and removed 0 cells

Phase 3 Sweep
Phase 3 Sweep | Checksum: 1e9f7429e

Time (s): cpu = 00:00:01 ; elapsed = 00:00:00.109 . Memory (MB): peak = 1405.801 ; gain = 0.000
INFO: [Opt 31-389] Phase Sweep created 16 cells and removed 0 cells

Phase 4 BUFG optimization
Phase 4 BUFG optimization | Checksum: 1e9f7429e

Time (s): cpu = 00:00:01 ; elapsed = 00:00:00.140 . Memory (MB): peak = 1405.801 ; gain = 0.000
INFO: [Opt 31-662] Phase BUFG optimization created 0 cells of which 0 are BUFGs and removed 0 cells.

Phase 5 Shift Register Optimization
INFO: [Opt 31-1064] SRL Remap converted 0 SRLs to 0 registers and converted 0 registers of register chains to 0 SRLs
Phase 5 Shift Register Optimization | Checksum: 1e9f7429e

Time (s): cpu = 00:00:01 ; elapsed = 00:00:00.142 . Memory (MB): peak = 1405.801 ; gain = 0.000
INFO: [Opt 31-389] Phase Shift Register Optimization created 0 cells and removed 0 cells

Phase 6 Post Processing Netlist
Phase 6 Post Processing Netlist | Checksum: 17017a38e

Time (s): cpu = 00:00:01 ; elapsed = 00:00:00.146 . Memory (MB): peak = 1405.801 ; gain = 0.000
INFO: [Opt 31-389] Phase Post Processing Netlist created 0 cells and removed 0 cells
Opt_design Change Summary
=========================


-------------------------------------------------------------------------------------------------------------------------
|  Phase                        |  #Cells created  |  #Cells Removed  |  #Constrained objects preventing optimizations  |
-------------------------------------------------------------------------------------------------------------------------
|  Retarget                     |               0  |               0  |                                              0  |
|  Constant propagation         |               0  |               0  |                                              0  |
|  Sweep                        |              16  |               0  |                                              0  |
|  BUFG optimization            |               0  |               0  |                                              0  |
|  Shift Register Optimization  |               0  |               0  |                                              0  |
|  Post Processing Netlist      |               0  |               0  |                                              0  |
-------------------------------------------------------------------------------------------------------------------------



Starting Connectivity Check Task

Time (s): cpu = 00:00:00 ; elapsed = 00:00:00.002 . Memory (MB): peak = 1405.801 ; gain = 0.000
Ending Logic Optimization Task | Checksum: 1f91fa340

Time (s): cpu = 00:00:01 ; elapsed = 00:00:00.215 . Memory (MB): peak = 1405.801 ; gain = 0.000

Starting Power Optimization Task
INFO: [Pwropt 34-132] Skipping clock gating for clocks with a period < 2.00 ns.
Ending Power Optimization Task | Checksum: 1f91fa340

Time (s): cpu = 00:00:00 ; elapsed = 00:00:00.008 . Memory (MB): peak = 1405.801 ; gain = 0.000

Starting Final Cleanup Task
Ending Final Cleanup Task | Checksum: 1f91fa340

Time (s): cpu = 00:00:00 ; elapsed = 00:00:00 . Memory (MB): peak = 1405.801 ; gain = 0.000

Starting Netlist Obfuscation Task
Netlist sorting complete. Time (s): cpu = 00:00:00 ; elapsed = 00:00:00 . Memory (MB): peak = 1405.801 ; gain = 0.000
Ending Netlist Obfuscation Task | Checksum: 1f91fa340

Time (s): cpu = 00:00:00 ; elapsed = 00:00:00 . Memory (MB): peak = 1405.801 ; gain = 0.000
INFO: [Common 17-83] Releasing license: Implementation
24 Infos, 0 Warnings, 2 Critical Warnings and 0 Errors encountered.
opt_design completed successfully
opt_design: Time (s): cpu = 00:00:11 ; elapsed = 00:00:10 . Memory (MB): peak = 1405.801 ; gain = 406.316
INFO: [Timing 38-480] Writing timing data to binary archive.
Writing placer database...
Writing XDEF routing.
Writing XDEF routing logical nets.
Writing XDEF routing special nets.
Write XDEF Complete: Time (s): cpu = 00:00:00 ; elapsed = 00:00:00.031 . Memory (MB): peak = 1405.801 ; gain = 0.000
INFO: [Common 17-1381] The checkpoint 'C:/Users/262069/ADC_filtr_signal/ADC_filtr_signal.runs/impl_1/top_level_opt.dcp' has been generated.
INFO: [runtcl-4] Executing : report_drc -file top_level_drc_opted.rpt -pb top_level_drc_opted.pb -rpx top_level_drc_opted.rpx
Command: report_drc -file top_level_drc_opted.rpt -pb top_level_drc_opted.pb -rpx top_level_drc_opted.rpx
INFO: [IP_Flow 19-234] Refreshing IP repositories
INFO: [IP_Flow 19-1704] No user IP repositories specified
INFO: [IP_Flow 19-2313] Loaded Vivado IP repository 'C:/appz/Xilinx/Vivado/2020.2/data/ip'.
INFO: [Timing 38-35] Done setting XDC timing constraints.
INFO: [DRC 23-27] Running DRC with 2 threads
INFO: [Coretcl 2-168] The results of DRC are in file C:/Users/262069/ADC_filtr_signal/ADC_filtr_signal.runs/impl_1/top_level_drc_opted.rpt.
report_drc completed successfully
Command: place_design
Attempting to get a license for feature 'Implementation' and/or device 'xc7a50ti'
INFO: [Common 17-349] Got license for feature 'Implementation' and/or device 'xc7a50ti'
INFO: [DRC 23-27] Running DRC with 2 threads
INFO: [Vivado_Tcl 4-198] DRC finished with 0 Errors
INFO: [Vivado_Tcl 4-199] Please refer to the DRC report (report_drc) for more information.
Running DRC as a precondition to command place_design
INFO: [DRC 23-27] Running DRC with 2 threads
INFO: [Vivado_Tcl 4-198] DRC finished with 0 Errors
INFO: [Vivado_Tcl 4-199] Please refer to the DRC report (report_drc) for more information.

Starting Placer Task
INFO: [Place 30-611] Multithreading enabled for place_design using a maximum of 2 CPUs

Phase 1 Placer Initialization

Phase 1.1 Placer Initialization Netlist Sorting
Netlist sorting complete. Time (s): cpu = 00:00:00 ; elapsed = 00:00:00.001 . Memory (MB): peak = 1448.891 ; gain = 0.000
Phase 1.1 Placer Initialization Netlist Sorting | Checksum: 18d8fd36b

Time (s): cpu = 00:00:00 ; elapsed = 00:00:00.005 . Memory (MB): peak = 1448.891 ; gain = 0.000
Netlist sorting complete. Time (s): cpu = 00:00:00 ; elapsed = 00:00:00 . Memory (MB): peak = 1448.891 ; gain = 0.000

Phase 1.2 IO Placement/ Clock Placement/ Build Placer Device
Phase 1.2 IO Placement/ Clock Placement/ Build Placer Device | Checksum: 13af8f1ba

Time (s): cpu = 00:00:00 ; elapsed = 00:00:00.251 . Memory (MB): peak = 1448.891 ; gain = 0.000

Phase 1.3 Build Placer Netlist Model
Phase 1.3 Build Placer Netlist Model | Checksum: 228a51302

Time (s): cpu = 00:00:01 ; elapsed = 00:00:00.554 . Memory (MB): peak = 1448.891 ; gain = 0.000

Phase 1.4 Constrain Clocks/Macros
Phase 1.4 Constrain Clocks/Macros | Checksum: 228a51302

Time (s): cpu = 00:00:01 ; elapsed = 00:00:00.557 . Memory (MB): peak = 1448.891 ; gain = 0.000
Phase 1 Placer Initialization | Checksum: 228a51302

Time (s): cpu = 00:00:01 ; elapsed = 00:00:00.561 . Memory (MB): peak = 1448.891 ; gain = 0.000

Phase 2 Global Placement

Phase 2.1 Floorplanning
Phase 2.1 Floorplanning | Checksum: 227f5817f

Time (s): cpu = 00:00:01 ; elapsed = 00:00:00.717 . Memory (MB): peak = 1448.891 ; gain = 0.000

Phase 2.2 Update Timing before SLR Path Opt
Phase 2.2 Update Timing before SLR Path Opt | Checksum: 1da90ded3

Time (s): cpu = 00:00:01 ; elapsed = 00:00:00.806 . Memory (MB): peak = 1448.891 ; gain = 0.000

Phase 2.3 Global Placement Core

Phase 2.3.1 Physical Synthesis In Placer
INFO: [Physopt 32-1035] Found 11 LUTNM shape to break, 0 LUT instances to create LUTNM shape
INFO: [Physopt 32-1044] Break lutnm for timing: one critical 0, two critical 11, total 11, new lutff created 0
INFO: [Physopt 32-775] End 1 Pass. Optimized 11 nets or cells. Created 11 new cells, deleted 0 existing cell and moved 0 existing cell
INFO: [Physopt 32-65] No nets found for high-fanout optimization.
INFO: [Physopt 32-232] Optimized 0 net. Created 0 new instance.
INFO: [Physopt 32-775] End 1 Pass. Optimized 0 net or cell. Created 0 new cell, deleted 0 existing cell and moved 0 existing cell
INFO: [Physopt 32-456] No candidate cells for DSP register optimization found in the design.
INFO: [Physopt 32-775] End 2 Pass. Optimized 0 net or cell. Created 0 new cell, deleted 0 existing cell and moved 0 existing cell
INFO: [Physopt 32-1123] No candidate cells found for Shift Register to Pipeline optimization
INFO: [Physopt 32-775] End 1 Pass. Optimized 0 net or cell. Created 0 new cell, deleted 0 existing cell and moved 0 existing cell
INFO: [Physopt 32-677] No candidate cells for Shift Register optimization found in the design
INFO: [Physopt 32-775] End 1 Pass. Optimized 0 net or cell. Created 0 new cell, deleted 0 existing cell and moved 0 existing cell
INFO: [Physopt 32-526] No candidate cells for BRAM register optimization found in the design
INFO: [Physopt 32-775] End 1 Pass. Optimized 0 net or cell. Created 0 new cell, deleted 0 existing cell and moved 0 existing cell
INFO: [Physopt 32-846] No candidate cells for URAM register optimization found in the design
INFO: [Physopt 32-775] End 2 Pass. Optimized 0 net or cell. Created 0 new cell, deleted 0 existing cell and moved 0 existing cell
INFO: [Physopt 32-949] No candidate nets found for dynamic/static region interface net replication
INFO: [Physopt 32-775] End 1 Pass. Optimized 0 net or cell. Created 0 new cell, deleted 0 existing cell and moved 0 existing cell
Netlist sorting complete. Time (s): cpu = 00:00:00 ; elapsed = 00:00:00 . Memory (MB): peak = 1448.891 ; gain = 0.000

Summary of Physical Synthesis Optimizations
============================================


-----------------------------------------------------------------------------------------------------------------------------------------------------------
|  Optimization                                     |  Added Cells  |  Removed Cells  |  Optimized Cells/Nets  |  Dont Touch  |  Iterations  |  Elapsed   |
-----------------------------------------------------------------------------------------------------------------------------------------------------------
|  LUT Combining                                    |           11  |              0  |                    11  |           0  |           1  |  00:00:00  |
|  Very High Fanout                                 |            0  |              0  |                     0  |           0  |           1  |  00:00:00  |
|  DSP Register                                     |            0  |              0  |                     0  |           0  |           1  |  00:00:00  |
|  Shift Register to Pipeline                       |            0  |              0  |                     0  |           0  |           1  |  00:00:00  |
|  Shift Register                                   |            0  |              0  |                     0  |           0  |           1  |  00:00:00  |
|  BRAM Register                                    |            0  |              0  |                     0  |           0  |           1  |  00:00:00  |
|  URAM Register                                    |            0  |              0  |                     0  |           0  |           1  |  00:00:00  |
|  Dynamic/Static Region Interface Net Replication  |            0  |              0  |                     0  |           0  |           1  |  00:00:00  |
|  Total                                            |           11  |              0  |                    11  |           0  |           8  |  00:00:00  |
-----------------------------------------------------------------------------------------------------------------------------------------------------------


Phase 2.3.1 Physical Synthesis In Placer | Checksum: f20c5ff5

Time (s): cpu = 00:00:08 ; elapsed = 00:00:04 . Memory (MB): peak = 1448.891 ; gain = 0.000
Phase 2.3 Global Placement Core | Checksum: 150fe6570

Time (s): cpu = 00:00:08 ; elapsed = 00:00:04 . Memory (MB): peak = 1448.891 ; gain = 0.000
Phase 2 Global Placement | Checksum: 150fe6570

Time (s): cpu = 00:00:08 ; elapsed = 00:00:04 . Memory (MB): peak = 1448.891 ; gain = 0.000

Phase 3 Detail Placement

Phase 3.1 Commit Multi Column Macros
Phase 3.1 Commit Multi Column Macros | Checksum: 1ae5c32c6

Time (s): cpu = 00:00:08 ; elapsed = 00:00:04 . Memory (MB): peak = 1448.891 ; gain = 0.000

Phase 3.2 Commit Most Macros & LUTRAMs
Phase 3.2 Commit Most Macros & LUTRAMs | Checksum: 17da28ae6

Time (s): cpu = 00:00:08 ; elapsed = 00:00:04 . Memory (MB): peak = 1448.891 ; gain = 0.000

Phase 3.3 Area Swap Optimization
Phase 3.3 Area Swap Optimization | Checksum: 1b7ffe547

Time (s): cpu = 00:00:08 ; elapsed = 00:00:04 . Memory (MB): peak = 1448.891 ; gain = 0.000

Phase 3.4 Pipeline Register Optimization
Phase 3.4 Pipeline Register Optimization | Checksum: 18fcb37d5

Time (s): cpu = 00:00:08 ; elapsed = 00:00:04 . Memory (MB): peak = 1448.891 ; gain = 0.000

Phase 3.5 Fast Optimization
Phase 3.5 Fast Optimization | Checksum: 17c01c2f0

Time (s): cpu = 00:00:10 ; elapsed = 00:00:06 . Memory (MB): peak = 1448.891 ; gain = 0.000

Phase 3.6 Small Shape Detail Placement
Phase 3.6 Small Shape Detail Placement | Checksum: 17e152da9

Time (s): cpu = 00:00:10 ; elapsed = 00:00:06 . Memory (MB): peak = 1448.891 ; gain = 0.000

Phase 3.7 Re-assign LUT pins
Phase 3.7 Re-assign LUT pins | Checksum: ee3594ab

Time (s): cpu = 00:00:10 ; elapsed = 00:00:06 . Memory (MB): peak = 1448.891 ; gain = 0.000

Phase 3.8 Pipeline Register Optimization
Phase 3.8 Pipeline Register Optimization | Checksum: 95b3919c

Time (s): cpu = 00:00:10 ; elapsed = 00:00:06 . Memory (MB): peak = 1448.891 ; gain = 0.000

Phase 3.9 Fast Optimization
Phase 3.9 Fast Optimization | Checksum: 431152e2

Time (s): cpu = 00:00:13 ; elapsed = 00:00:09 . Memory (MB): peak = 1448.891 ; gain = 0.000
Phase 3 Detail Placement | Checksum: 431152e2

Time (s): cpu = 00:00:13 ; elapsed = 00:00:09 . Memory (MB): peak = 1448.891 ; gain = 0.000

Phase 4 Post Placement Optimization and Clean-Up

Phase 4.1 Post Commit Optimization
INFO: [Timing 38-35] Done setting XDC timing constraints.

Phase 4.1.1 Post Placement Optimization
Post Placement Optimization Initialization | Checksum: d448a239

Phase 4.1.1.1 BUFG Insertion

Starting Physical Synthesis Task

Phase 1 Physical Synthesis Initialization
INFO: [Physopt 32-721] Multithreading enabled for phys_opt_design using a maximum of 2 CPUs
INFO: [Physopt 32-619] Estimated Timing Summary | WNS=-6.886 | TNS=-91.017 |
Phase 1 Physical Synthesis Initialization | Checksum: 1308064ec

Time (s): cpu = 00:00:00 ; elapsed = 00:00:00.048 . Memory (MB): peak = 1448.891 ; gain = 0.000
INFO: [Place 46-56] BUFG insertion identified 0 candidate nets. Inserted BUFG: 0, Replicated BUFG Driver: 0, Skipped due to Placement/Routing Conflicts: 0, Skipped due to Timing Degradation: 0, Skipped due to Illegal Netlist: 0.
Ending Physical Synthesis Task | Checksum: 1072f1448

Time (s): cpu = 00:00:00 ; elapsed = 00:00:00.051 . Memory (MB): peak = 1448.891 ; gain = 0.000
Phase 4.1.1.1 BUFG Insertion | Checksum: d448a239

Time (s): cpu = 00:00:14 ; elapsed = 00:00:10 . Memory (MB): peak = 1448.891 ; gain = 0.000
INFO: [Place 30-746] Post Placement Timing Summary WNS=-5.928. For the most accurate timing information please run report_timing.

Time (s): cpu = 00:00:21 ; elapsed = 00:00:17 . Memory (MB): peak = 1448.891 ; gain = 0.000
Phase 4.1 Post Commit Optimization | Checksum: 1dd7987f5

Time (s): cpu = 00:00:21 ; elapsed = 00:00:17 . Memory (MB): peak = 1448.891 ; gain = 0.000

Phase 4.2 Post Placement Cleanup
Phase 4.2 Post Placement Cleanup | Checksum: 1dd7987f5

Time (s): cpu = 00:00:21 ; elapsed = 00:00:17 . Memory (MB): peak = 1448.891 ; gain = 0.000

Phase 4.3 Placer Reporting

Phase 4.3.1 Print Estimated Congestion
INFO: [Place 30-612] Post-Placement Estimated Congestion 
 ____________________________________________________
|           | Global Congestion | Short Congestion  |
| Direction | Region Size       | Region Size       |
|___________|___________________|___________________|
|      North|                1x1|                1x1|
|___________|___________________|___________________|
|      South|                1x1|                1x1|
|___________|___________________|___________________|
|       East|                1x1|                1x1|
|___________|___________________|___________________|
|       West|                1x1|                1x1|
|___________|___________________|___________________|

Phase 4.3.1 Print Estimated Congestion | Checksum: 1dd7987f5

Time (s): cpu = 00:00:21 ; elapsed = 00:00:17 . Memory (MB): peak = 1448.891 ; gain = 0.000
Phase 4.3 Placer Reporting | Checksum: 1dd7987f5

Time (s): cpu = 00:00:21 ; elapsed = 00:00:17 . Memory (MB): peak = 1448.891 ; gain = 0.000

Phase 4.4 Final Placement Cleanup
Netlist sorting complete. Time (s): cpu = 00:00:00 ; elapsed = 00:00:00 . Memory (MB): peak = 1448.891 ; gain = 0.000

Time (s): cpu = 00:00:21 ; elapsed = 00:00:17 . Memory (MB): peak = 1448.891 ; gain = 0.000
Phase 4 Post Placement Optimization and Clean-Up | Checksum: 22adb303a

Time (s): cpu = 00:00:21 ; elapsed = 00:00:17 . Memory (MB): peak = 1448.891 ; gain = 0.000
Ending Placer Task | Checksum: 18e114ae0

Time (s): cpu = 00:00:21 ; elapsed = 00:00:17 . Memory (MB): peak = 1448.891 ; gain = 0.000
INFO: [Common 17-83] Releasing license: Implementation
66 Infos, 0 Warnings, 2 Critical Warnings and 0 Errors encountered.
place_design completed successfully
place_design: Time (s): cpu = 00:00:22 ; elapsed = 00:00:18 . Memory (MB): peak = 1448.891 ; gain = 0.992
INFO: [Timing 38-480] Writing timing data to binary archive.
Writing placer database...
Writing XDEF routing.
Writing XDEF routing logical nets.
Writing XDEF routing special nets.
Write XDEF Complete: Time (s): cpu = 00:00:00 ; elapsed = 00:00:00.113 . Memory (MB): peak = 1448.891 ; gain = 0.000
INFO: [Common 17-1381] The checkpoint 'C:/Users/262069/ADC_filtr_signal/ADC_filtr_signal.runs/impl_1/top_level_placed.dcp' has been generated.
INFO: [runtcl-4] Executing : report_io -file top_level_io_placed.rpt
report_io: Time (s): cpu = 00:00:00 ; elapsed = 00:00:00.038 . Memory (MB): peak = 1448.891 ; gain = 0.000
INFO: [runtcl-4] Executing : report_utilization -file top_level_utilization_placed.rpt -pb top_level_utilization_placed.pb
INFO: [runtcl-4] Executing : report_control_sets -verbose -file top_level_control_sets_placed.rpt
report_control_sets: Time (s): cpu = 00:00:00 ; elapsed = 00:00:00.002 . Memory (MB): peak = 1448.891 ; gain = 0.000
Command: phys_opt_design
Attempting to get a license for feature 'Implementation' and/or device 'xc7a50ti'
INFO: [Common 17-349] Got license for feature 'Implementation' and/or device 'xc7a50ti'
Netlist sorting complete. Time (s): cpu = 00:00:00 ; elapsed = 00:00:00.001 . Memory (MB): peak = 1448.891 ; gain = 0.000

Starting Physical Synthesis Task

Phase 1 Physical Synthesis Initialization
INFO: [Physopt 32-721] Multithreading enabled for phys_opt_design using a maximum of 2 CPUs
INFO: [Physopt 32-619] Estimated Timing Summary | WNS=-5.887 | TNS=-84.413 |
Phase 1 Physical Synthesis Initialization | Checksum: 1703e97cb

Time (s): cpu = 00:00:00 ; elapsed = 00:00:00.146 . Memory (MB): peak = 1448.891 ; gain = 0.000
INFO: [Physopt 32-619] Estimated Timing Summary | WNS=-5.887 | TNS=-84.413 |

Phase 2 DSP Register Optimization
INFO: [Physopt 32-456] No candidate cells for DSP register optimization found in the design.
INFO: [Physopt 32-775] End 2 Pass. Optimized 0 net or cell. Created 0 new cell, deleted 0 existing cell and moved 0 existing cell
Phase 2 DSP Register Optimization | Checksum: 1703e97cb

Time (s): cpu = 00:00:00 ; elapsed = 00:00:00.151 . Memory (MB): peak = 1448.891 ; gain = 0.000

Phase 3 Critical Path Optimization
INFO: [Physopt 32-619] Estimated Timing Summary | WNS=-5.887 | TNS=-84.413 |
INFO: [Physopt 32-702] Processed net disp/voltage_mv[8]. Optimizations did not improve timing on the net.
INFO: [Physopt 32-662] Processed net core/Q[0].  Did not re-place instance core/prev_output_reg[0]
INFO: [Physopt 32-572] Net core/Q[0] was not replicated.
Resolution: phys_opt_design can be forced to replicate a net driver using the option -force_replication_on_nets <list of net objects>.
INFO: [Physopt 32-702] Processed net core/Q[0]. Optimizations did not improve timing on the net.
INFO: [Physopt 32-662] Processed net disp/voltage_mv[9]_i_2_n_0.  Did not re-place instance disp/voltage_mv[9]_i_2
INFO: [Physopt 32-710] Processed net disp/voltage_mv[8]_i_1_n_0. Critical path length was reduced through logic transformation on cell disp/voltage_mv[8]_i_1_comp.
INFO: [Physopt 32-735] Processed net disp/voltage_mv[9]_i_2_n_0. Optimization improves timing on the net.
INFO: [Physopt 32-619] Estimated Timing Summary | WNS=-5.882 | TNS=-83.969 |
INFO: [Physopt 32-702] Processed net disp/voltage_mv[3]. Optimizations did not improve timing on the net.
INFO: [Physopt 32-662] Processed net disp/voltage_mv[9]_i_2_n_0.  Did not re-place instance disp/voltage_mv[9]_i_2
INFO: [Physopt 32-710] Processed net disp/voltage_mv[3]_i_1_n_0. Critical path length was reduced through logic transformation on cell disp/voltage_mv[3]_i_1_comp.
INFO: [Physopt 32-735] Processed net disp/voltage_mv[9]_i_2_n_0. Optimization improves timing on the net.
INFO: [Physopt 32-619] Estimated Timing Summary | WNS=-5.879 | TNS=-83.537 |
INFO: [Physopt 32-702] Processed net disp/voltage_mv[4]. Optimizations did not improve timing on the net.
INFO: [Physopt 32-662] Processed net disp/voltage_mv[9]_i_2_n_0.  Did not re-place instance disp/voltage_mv[9]_i_2
INFO: [Physopt 32-710] Processed net disp/voltage_mv[4]_i_1_n_0. Critical path length was reduced through logic transformation on cell disp/voltage_mv[4]_i_1_comp.
INFO: [Physopt 32-735] Processed net disp/voltage_mv[9]_i_2_n_0. Optimization improves timing on the net.
INFO: [Physopt 32-619] Estimated Timing Summary | WNS=-5.866 | TNS=-83.105 |
INFO: [Physopt 32-702] Processed net disp/voltage_mv[5]. Optimizations did not improve timing on the net.
INFO: [Physopt 32-662] Processed net disp/voltage_mv[9]_i_2_n_0.  Did not re-place instance disp/voltage_mv[9]_i_2
INFO: [Physopt 32-710] Processed net disp/voltage_mv[5]_i_1_n_0. Critical path length was reduced through logic transformation on cell disp/voltage_mv[5]_i_1_comp.
INFO: [Physopt 32-735] Processed net disp/voltage_mv[9]_i_2_n_0. Optimization improves timing on the net.
INFO: [Physopt 32-619] Estimated Timing Summary | WNS=-5.820 | TNS=-82.824 |
INFO: [Physopt 32-702] Processed net disp/voltage_mv[9]. Optimizations did not improve timing on the net.
INFO: [Physopt 32-662] Processed net disp/voltage_mv[9]_i_2_n_0.  Did not re-place instance disp/voltage_mv[9]_i_2
INFO: [Physopt 32-710] Processed net disp/voltage_mv[9]_i_1_n_0. Critical path length was reduced through logic transformation on cell disp/voltage_mv[9]_i_1_comp.
INFO: [Physopt 32-735] Processed net disp/voltage_mv[9]_i_2_n_0. Optimization improves timing on the net.
INFO: [Physopt 32-619] Estimated Timing Summary | WNS=-5.578 | TNS=-82.537 |
INFO: [Physopt 32-702] Processed net disp/voltage_mv_reg[7]_i_2_n_2. Optimizations did not improve timing on the net.
INFO: [Physopt 32-702] Processed net disp/voltage_mv[7]_i_7_n_0. Optimizations did not improve timing on the net.
INFO: [Physopt 32-702] Processed net disp/voltage_mv_reg[7]_i_3_n_6. Optimizations did not improve timing on the net.
INFO: [Physopt 32-702] Processed net disp/voltage_mv_reg[7]_i_9_n_0. Optimizations did not improve timing on the net.
INFO: [Physopt 32-735] Processed net disp/voltage_mv[7]_i_29_n_0. Optimization improves timing on the net.
INFO: [Physopt 32-619] Estimated Timing Summary | WNS=-5.553 | TNS=-82.287 |
INFO: [Physopt 32-702] Processed net disp/voltage_mv_reg[7]_i_4_n_0. Optimizations did not improve timing on the net.
INFO: [Physopt 32-735] Processed net disp/voltage_mv[7]_i_22_n_0. Optimization improves timing on the net.
INFO: [Physopt 32-619] Estimated Timing Summary | WNS=-5.529 | TNS=-82.047 |
INFO: [Physopt 32-662] Processed net disp/voltage_mv[7]_i_26_n_0.  Did not re-place instance disp/voltage_mv[7]_i_26
INFO: [Physopt 32-702] Processed net disp/voltage_mv[7]_i_26_n_0. Optimizations did not improve timing on the net.
INFO: [Physopt 32-702] Processed net disp/voltage_mv_reg[7]_i_34_n_7. Optimizations did not improve timing on the net.
INFO: [Physopt 32-702] Processed net disp/voltage_mv_reg[7]_i_56_n_0. Optimizations did not improve timing on the net.
INFO: [Physopt 32-702] Processed net disp/voltage_mv[7]_i_99_n_0. Optimizations did not improve timing on the net.
INFO: [Physopt 32-702] Processed net disp/voltage_mv_reg[7]_i_136_n_4. Optimizations did not improve timing on the net.
INFO: [Physopt 32-702] Processed net disp/voltage_mv_reg[7]_i_125_n_0. Optimizations did not improve timing on the net.
INFO: [Physopt 32-735] Processed net disp/voltage_mv[7]_i_167_n_0. Optimization improves timing on the net.
INFO: [Physopt 32-619] Estimated Timing Summary | WNS=-5.519 | TNS=-81.947 |
INFO: [Physopt 32-702] Processed net disp/voltage_mv_reg[7]_i_148_n_7. Optimizations did not improve timing on the net.
INFO: [Physopt 32-702] Processed net disp/voltage_mv_reg[7]_i_136_n_0. Optimizations did not improve timing on the net.
INFO: [Physopt 32-702] Processed net disp/voltage_mv[7]_i_167_n_0. Optimizations did not improve timing on the net.
INFO: [Physopt 32-702] Processed net disp/voltage_mv[5]_i_1_n_0. Optimizations did not improve timing on the net.
INFO: [Physopt 32-662] Processed net core/A[10].  Did not re-place instance core/voltage_mv1_i_2
INFO: [Physopt 32-702] Processed net core/A[10]. Optimizations did not improve timing on the net.
INFO: [Physopt 32-702] Processed net core/disp/abs_data0[14]. Optimizations did not improve timing on the net.
INFO: [Physopt 32-702] Processed net core/voltage_mv1_i_14_n_0. Optimizations did not improve timing on the net.
INFO: [Physopt 32-702] Processed net core/voltage_mv1_i_15_n_0. Optimizations did not improve timing on the net.
INFO: [Physopt 32-702] Processed net core/voltage_mv1_i_16_n_0. Optimizations did not improve timing on the net.
INFO: [Physopt 32-662] Processed net core/voltage_mv1_i_28_n_0.  Did not re-place instance core/voltage_mv1_i_28
INFO: [Physopt 32-702] Processed net core/voltage_mv1_i_28_n_0. Optimizations did not improve timing on the net.
INFO: [Physopt 32-702] Processed net disp/voltage_mv1_n_91. Optimizations did not improve timing on the net.
INFO: [Physopt 32-702] Processed net clk_IBUF. Optimizations did not improve timing on the net.
INFO: [Physopt 32-702] Processed net clk. Optimizations did not improve timing on the net.
INFO: [Physopt 32-702] Processed net disp/voltage_mv[5]. Optimizations did not improve timing on the net.
INFO: [Physopt 32-662] Processed net core/Q[0].  Did not re-place instance core/prev_output_reg[0]
INFO: [Physopt 32-702] Processed net core/Q[0]. Optimizations did not improve timing on the net.
INFO: [Physopt 32-702] Processed net disp/voltage_mv_reg[7]_i_2_n_2. Optimizations did not improve timing on the net.
INFO: [Physopt 32-702] Processed net disp/voltage_mv[7]_i_7_n_0. Optimizations did not improve timing on the net.
INFO: [Physopt 32-702] Processed net disp/voltage_mv_reg[7]_i_3_n_6. Optimizations did not improve timing on the net.
INFO: [Physopt 32-662] Processed net disp/voltage_mv[7]_i_26_n_0.  Did not re-place instance disp/voltage_mv[7]_i_26
INFO: [Physopt 32-702] Processed net disp/voltage_mv[7]_i_26_n_0. Optimizations did not improve timing on the net.
INFO: [Physopt 32-702] Processed net disp/voltage_mv_reg[7]_i_34_n_7. Optimizations did not improve timing on the net.
INFO: [Physopt 32-702] Processed net disp/voltage_mv[7]_i_99_n_0. Optimizations did not improve timing on the net.
INFO: [Physopt 32-702] Processed net disp/voltage_mv_reg[7]_i_148_n_7. Optimizations did not improve timing on the net.
INFO: [Physopt 32-702] Processed net disp/voltage_mv[7]_i_167_n_0. Optimizations did not improve timing on the net.
INFO: [Physopt 32-702] Processed net disp/voltage_mv[5]_i_1_n_0. Optimizations did not improve timing on the net.
INFO: [Physopt 32-662] Processed net core/A[10].  Did not re-place instance core/voltage_mv1_i_2
INFO: [Physopt 32-702] Processed net core/A[10]. Optimizations did not improve timing on the net.
INFO: [Physopt 32-702] Processed net core/disp/abs_data0[14]. Optimizations did not improve timing on the net.
INFO: [Physopt 32-662] Processed net core/voltage_mv1_i_28_n_0.  Did not re-place instance core/voltage_mv1_i_28
INFO: [Physopt 32-702] Processed net core/voltage_mv1_i_28_n_0. Optimizations did not improve timing on the net.
INFO: [Physopt 32-702] Processed net disp/voltage_mv1_n_91. Optimizations did not improve timing on the net.
INFO: [Physopt 32-702] Processed net clk_IBUF. Optimizations did not improve timing on the net.
INFO: [Physopt 32-702] Processed net clk. Optimizations did not improve timing on the net.
INFO: [Physopt 32-619] Estimated Timing Summary | WNS=-5.519 | TNS=-81.947 |
Phase 3 Critical Path Optimization | Checksum: 1703e97cb

Time (s): cpu = 00:00:02 ; elapsed = 00:00:01 . Memory (MB): peak = 1448.891 ; gain = 0.000

Phase 4 Critical Path Optimization
INFO: [Physopt 32-619] Estimated Timing Summary | WNS=-5.519 | TNS=-81.947 |
INFO: [Physopt 32-702] Processed net disp/voltage_mv[5]. Optimizations did not improve timing on the net.
INFO: [Physopt 32-662] Processed net core/Q[0].  Did not re-place instance core/prev_output_reg[0]
INFO: [Physopt 32-572] Net core/Q[0] was not replicated.
Resolution: phys_opt_design can be forced to replicate a net driver using the option -force_replication_on_nets <list of net objects>.
INFO: [Physopt 32-702] Processed net core/Q[0]. Optimizations did not improve timing on the net.
INFO: [Physopt 32-702] Processed net disp/voltage_mv_reg[7]_i_2_n_2. Optimizations did not improve timing on the net.
INFO: [Physopt 32-702] Processed net disp/voltage_mv[7]_i_7_n_0. Optimizations did not improve timing on the net.
INFO: [Physopt 32-702] Processed net disp/voltage_mv_reg[7]_i_3_n_6. Optimizations did not improve timing on the net.
INFO: [Physopt 32-702] Processed net disp/voltage_mv_reg[7]_i_9_n_0. Optimizations did not improve timing on the net.
INFO: [Physopt 32-662] Processed net disp/voltage_mv[7]_i_26_n_0.  Did not re-place instance disp/voltage_mv[7]_i_26
INFO: [Physopt 32-702] Processed net disp/voltage_mv[7]_i_26_n_0. Optimizations did not improve timing on the net.
INFO: [Physopt 32-702] Processed net disp/voltage_mv_reg[7]_i_34_n_7. Optimizations did not improve timing on the net.
INFO: [Physopt 32-702] Processed net disp/voltage_mv_reg[7]_i_56_n_0. Optimizations did not improve timing on the net.
INFO: [Physopt 32-702] Processed net disp/voltage_mv[7]_i_99_n_0. Optimizations did not improve timing on the net.
INFO: [Physopt 32-702] Processed net disp/voltage_mv_reg[7]_i_136_n_4. Optimizations did not improve timing on the net.
INFO: [Physopt 32-702] Processed net disp/voltage_mv_reg[7]_i_125_n_0. Optimizations did not improve timing on the net.
INFO: [Physopt 32-702] Processed net disp/voltage_mv[7]_i_167_n_0. Optimizations did not improve timing on the net.
INFO: [Physopt 32-702] Processed net disp/voltage_mv[5]_i_1_n_0. Optimizations did not improve timing on the net.
INFO: [Physopt 32-662] Processed net core/A[10].  Did not re-place instance core/voltage_mv1_i_2
INFO: [Physopt 32-702] Processed net core/A[10]. Optimizations did not improve timing on the net.
INFO: [Physopt 32-702] Processed net core/disp/abs_data0[14]. Optimizations did not improve timing on the net.
INFO: [Physopt 32-702] Processed net core/voltage_mv1_i_14_n_0. Optimizations did not improve timing on the net.
INFO: [Physopt 32-702] Processed net core/voltage_mv1_i_15_n_0. Optimizations did not improve timing on the net.
INFO: [Physopt 32-702] Processed net core/voltage_mv1_i_16_n_0. Optimizations did not improve timing on the net.
INFO: [Physopt 32-662] Processed net core/voltage_mv1_i_28_n_0.  Did not re-place instance core/voltage_mv1_i_28
INFO: [Physopt 32-702] Processed net core/voltage_mv1_i_28_n_0. Optimizations did not improve timing on the net.
INFO: [Physopt 32-702] Processed net disp/voltage_mv1_n_91. Optimizations did not improve timing on the net.
INFO: [Physopt 32-702] Processed net clk_IBUF. Optimizations did not improve timing on the net.
INFO: [Physopt 32-702] Processed net clk. Optimizations did not improve timing on the net.
INFO: [Physopt 32-702] Processed net disp/voltage_mv[5]. Optimizations did not improve timing on the net.
INFO: [Physopt 32-662] Processed net core/Q[0].  Did not re-place instance core/prev_output_reg[0]
INFO: [Physopt 32-702] Processed net core/Q[0]. Optimizations did not improve timing on the net.
INFO: [Physopt 32-702] Processed net disp/voltage_mv_reg[7]_i_2_n_2. Optimizations did not improve timing on the net.
INFO: [Physopt 32-702] Processed net disp/voltage_mv[7]_i_7_n_0. Optimizations did not improve timing on the net.
INFO: [Physopt 32-702] Processed net disp/voltage_mv_reg[7]_i_3_n_6. Optimizations did not improve timing on the net.
INFO: [Physopt 32-662] Processed net disp/voltage_mv[7]_i_26_n_0.  Did not re-place instance disp/voltage_mv[7]_i_26
INFO: [Physopt 32-702] Processed net disp/voltage_mv[7]_i_26_n_0. Optimizations did not improve timing on the net.
INFO: [Physopt 32-702] Processed net disp/voltage_mv_reg[7]_i_34_n_7. Optimizations did not improve timing on the net.
INFO: [Physopt 32-702] Processed net disp/voltage_mv[7]_i_99_n_0. Optimizations did not improve timing on the net.
INFO: [Physopt 32-702] Processed net disp/voltage_mv_reg[7]_i_148_n_7. Optimizations did not improve timing on the net.
INFO: [Physopt 32-702] Processed net disp/voltage_mv[7]_i_167_n_0. Optimizations did not improve timing on the net.
INFO: [Physopt 32-702] Processed net disp/voltage_mv[5]_i_1_n_0. Optimizations did not improve timing on the net.
INFO: [Physopt 32-662] Processed net core/A[10].  Did not re-place instance core/voltage_mv1_i_2
INFO: [Physopt 32-702] Processed net core/A[10]. Optimizations did not improve timing on the net.
INFO: [Physopt 32-702] Processed net core/disp/abs_data0[14]. Optimizations did not improve timing on the net.
INFO: [Physopt 32-662] Processed net core/voltage_mv1_i_28_n_0.  Did not re-place instance core/voltage_mv1_i_28
INFO: [Physopt 32-702] Processed net core/voltage_mv1_i_28_n_0. Optimizations did not improve timing on the net.
INFO: [Physopt 32-702] Processed net disp/voltage_mv1_n_91. Optimizations did not improve timing on the net.
INFO: [Physopt 32-702] Processed net clk_IBUF. Optimizations did not improve timing on the net.
INFO: [Physopt 32-702] Processed net clk. Optimizations did not improve timing on the net.
INFO: [Physopt 32-619] Estimated Timing Summary | WNS=-5.519 | TNS=-81.947 |
Phase 4 Critical Path Optimization | Checksum: 1703e97cb

Time (s): cpu = 00:00:02 ; elapsed = 00:00:01 . Memory (MB): peak = 1448.891 ; gain = 0.000
Netlist sorting complete. Time (s): cpu = 00:00:00 ; elapsed = 00:00:00.008 . Memory (MB): peak = 1448.891 ; gain = 0.000
INFO: [Physopt 32-603] Post Physical Optimization Timing Summary | WNS=-5.519 | TNS=-81.947 |

Summary of Physical Synthesis Optimizations
============================================


-------------------------------------------------------------------------------------------------------------------------------------------------------------
|  Optimization   |  WNS Gain (ns)  |  TNS Gain (ns)  |  Added Cells  |  Removed Cells  |  Optimized Cells/Nets  |  Dont Touch  |  Iterations  |  Elapsed   |
-------------------------------------------------------------------------------------------------------------------------------------------------------------
|  DSP Register   |          0.000  |          0.000  |            0  |              0  |                     0  |           0  |           1  |  00:00:00  |
|  Critical Path  |          0.368  |          2.466  |            0  |              0  |                     8  |           0  |           2  |  00:00:01  |
|  Total          |          0.368  |          2.466  |            0  |              0  |                     8  |           0  |           3  |  00:00:01  |
-------------------------------------------------------------------------------------------------------------------------------------------------------------


Netlist sorting complete. Time (s): cpu = 00:00:00 ; elapsed = 00:00:00.001 . Memory (MB): peak = 1448.891 ; gain = 0.000
Ending Physical Synthesis Task | Checksum: eae5ee5c

Time (s): cpu = 00:00:02 ; elapsed = 00:00:01 . Memory (MB): peak = 1448.891 ; gain = 0.000
INFO: [Common 17-83] Releasing license: Implementation
214 Infos, 0 Warnings, 2 Critical Warnings and 0 Errors encountered.
phys_opt_design completed successfully
INFO: [Timing 38-480] Writing timing data to binary archive.
Writing placer database...
Writing XDEF routing.
Writing XDEF routing logical nets.
Writing XDEF routing special nets.
Write XDEF Complete: Time (s): cpu = 00:00:01 ; elapsed = 00:00:00.111 . Memory (MB): peak = 1448.977 ; gain = 0.086
INFO: [Common 17-1381] The checkpoint 'C:/Users/262069/ADC_filtr_signal/ADC_filtr_signal.runs/impl_1/top_level_physopt.dcp' has been generated.
Command: route_design
Attempting to get a license for feature 'Implementation' and/or device 'xc7a50ti'
INFO: [Common 17-349] Got license for feature 'Implementation' and/or device 'xc7a50ti'
INFO: [DRC 23-27] Running DRC with 2 threads
INFO: [Vivado_Tcl 4-198] DRC finished with 0 Errors
INFO: [Vivado_Tcl 4-199] Please refer to the DRC report (report_drc) for more information.
Running DRC as a precondition to command route_design
INFO: [DRC 23-27] Running DRC with 2 threads
INFO: [Vivado_Tcl 4-198] DRC finished with 0 Errors
INFO: [Vivado_Tcl 4-199] Please refer to the DRC report (report_drc) for more information.


Starting Routing Task
INFO: [Route 35-254] Multithreading enabled for route_design using a maximum of 2 CPUs
Checksum: PlaceDB: 267bb216 ConstDB: 0 ShapeSum: 5e34f7c4 RouteDB: 0

Phase 1 Build RT Design
Phase 1 Build RT Design | Checksum: 1623fa9b8

Time (s): cpu = 00:00:17 ; elapsed = 00:00:15 . Memory (MB): peak = 1536.984 ; gain = 76.996
Post Restoration Checksum: NetGraph: 7f1c6b96 NumContArr: e3233e22 Constraints: 0 Timing: 0

Phase 2 Router Initialization

Phase 2.1 Create Timer
Phase 2.1 Create Timer | Checksum: 1623fa9b8

Time (s): cpu = 00:00:17 ; elapsed = 00:00:15 . Memory (MB): peak = 1536.984 ; gain = 76.996

Phase 2.2 Fix Topology Constraints
Phase 2.2 Fix Topology Constraints | Checksum: 1623fa9b8

Time (s): cpu = 00:00:17 ; elapsed = 00:00:15 . Memory (MB): peak = 1542.977 ; gain = 82.988

Phase 2.3 Pre Route Cleanup
Phase 2.3 Pre Route Cleanup | Checksum: 1623fa9b8

Time (s): cpu = 00:00:17 ; elapsed = 00:00:15 . Memory (MB): peak = 1542.977 ; gain = 82.988
 Number of Nodes with overlaps = 0

Phase 2.4 Update Timing
Phase 2.4 Update Timing | Checksum: 1445bdc37

Time (s): cpu = 00:00:17 ; elapsed = 00:00:15 . Memory (MB): peak = 1550.516 ; gain = 90.527
INFO: [Route 35-416] Intermediate Timing Summary | WNS=-5.414 | TNS=-77.906| WHS=-0.095 | THS=-0.537 |

Phase 2 Router Initialization | Checksum: d9a32cc8

Time (s): cpu = 00:00:18 ; elapsed = 00:00:15 . Memory (MB): peak = 1552.391 ; gain = 92.402

Router Utilization Summary
  Global Vertical Routing Utilization    = 0 %
  Global Horizontal Routing Utilization  = 0 %
  Routable Net Status*
  *Does not include unroutable nets such as driverless and loadless.
  Run report_route_status for detailed report.
  Number of Failed Nets               = 918
    (Failed Nets is the sum of unrouted and partially routed nets)
  Number of Unrouted Nets             = 918
  Number of Partially Routed Nets     = 0
  Number of Node Overlaps             = 0


Phase 3 Initial Routing

Phase 3.1 Global Routing
Phase 3.1 Global Routing | Checksum: d9a32cc8

Time (s): cpu = 00:00:18 ; elapsed = 00:00:15 . Memory (MB): peak = 1556.484 ; gain = 96.496
Phase 3 Initial Routing | Checksum: 190ce246f

Time (s): cpu = 00:00:18 ; elapsed = 00:00:16 . Memory (MB): peak = 1556.484 ; gain = 96.496

Phase 4 Rip-up And Reroute

Phase 4.1 Global Iteration 0
 Number of Nodes with overlaps = 218
 Number of Nodes with overlaps = 56
 Number of Nodes with overlaps = 12
 Number of Nodes with overlaps = 5
 Number of Nodes with overlaps = 2
 Number of Nodes with overlaps = 0
INFO: [Route 35-416] Intermediate Timing Summary | WNS=-5.649 | TNS=-101.578| WHS=N/A    | THS=N/A    |

Phase 4.1 Global Iteration 0 | Checksum: 180633bed

Time (s): cpu = 00:00:19 ; elapsed = 00:00:16 . Memory (MB): peak = 1556.484 ; gain = 96.496

Phase 4.2 Global Iteration 1
 Number of Nodes with overlaps = 40
 Number of Nodes with overlaps = 14
 Number of Nodes with overlaps = 9
 Number of Nodes with overlaps = 3
 Number of Nodes with overlaps = 0
INFO: [Route 35-416] Intermediate Timing Summary | WNS=-5.636 | TNS=-101.886| WHS=N/A    | THS=N/A    |

Phase 4.2 Global Iteration 1 | Checksum: ba698070

Time (s): cpu = 00:00:19 ; elapsed = 00:00:17 . Memory (MB): peak = 1556.484 ; gain = 96.496
Phase 4 Rip-up And Reroute | Checksum: ba698070

Time (s): cpu = 00:00:19 ; elapsed = 00:00:17 . Memory (MB): peak = 1556.484 ; gain = 96.496

Phase 5 Delay and Skew Optimization

Phase 5.1 Delay CleanUp

Phase 5.1.1 Update Timing
Phase 5.1.1 Update Timing | Checksum: 140475a67

Time (s): cpu = 00:00:19 ; elapsed = 00:00:17 . Memory (MB): peak = 1556.484 ; gain = 96.496
INFO: [Route 35-416] Intermediate Timing Summary | WNS=-5.556 | TNS=-98.480| WHS=N/A    | THS=N/A    |

 Number of Nodes with overlaps = 0
Phase 5.1 Delay CleanUp | Checksum: 1aa32761d

Time (s): cpu = 00:00:19 ; elapsed = 00:00:17 . Memory (MB): peak = 1556.484 ; gain = 96.496

Phase 5.2 Clock Skew Optimization
Phase 5.2 Clock Skew Optimization | Checksum: 1aa32761d

Time (s): cpu = 00:00:19 ; elapsed = 00:00:17 . Memory (MB): peak = 1556.484 ; gain = 96.496
Phase 5 Delay and Skew Optimization | Checksum: 1aa32761d

Time (s): cpu = 00:00:19 ; elapsed = 00:00:17 . Memory (MB): peak = 1556.484 ; gain = 96.496

Phase 6 Post Hold Fix

Phase 6.1 Hold Fix Iter

Phase 6.1.1 Update Timing
Phase 6.1.1 Update Timing | Checksum: 1cd6857d6

Time (s): cpu = 00:00:20 ; elapsed = 00:00:17 . Memory (MB): peak = 1556.484 ; gain = 96.496
INFO: [Route 35-416] Intermediate Timing Summary | WNS=-5.549 | TNS=-88.387| WHS=0.042  | THS=0.000  |

Phase 6.1 Hold Fix Iter | Checksum: 2120838fe

Time (s): cpu = 00:00:20 ; elapsed = 00:00:17 . Memory (MB): peak = 1556.484 ; gain = 96.496
Phase 6 Post Hold Fix | Checksum: 2120838fe

Time (s): cpu = 00:00:20 ; elapsed = 00:00:17 . Memory (MB): peak = 1556.484 ; gain = 96.496

Phase 7 Route finalize

Router Utilization Summary
  Global Vertical Routing Utilization    = 0.356135 %
  Global Horizontal Routing Utilization  = 0.358797 %
  Routable Net Status*
  *Does not include unroutable nets such as driverless and loadless.
  Run report_route_status for detailed report.
  Number of Failed Nets               = 0
    (Failed Nets is the sum of unrouted and partially routed nets)
  Number of Unrouted Nets             = 0
  Number of Partially Routed Nets     = 0
  Number of Node Overlaps             = 0

Congestion Report
North Dir 1x1 Area, Max Cong = 40.5405%, No Congested Regions.
South Dir 1x1 Area, Max Cong = 44.1441%, No Congested Regions.
East Dir 1x1 Area, Max Cong = 36.7647%, No Congested Regions.
West Dir 1x1 Area, Max Cong = 42.6471%, No Congested Regions.

------------------------------
Reporting congestion hotspots
------------------------------
Direction: North
----------------
Congested clusters found at Level 0
Effective congestion level: 0 Aspect Ratio: 1 Sparse Ratio: 0
Direction: South
----------------
Congested clusters found at Level 0
Effective congestion level: 0 Aspect Ratio: 1 Sparse Ratio: 0
Direction: East
----------------
Congested clusters found at Level 0
Effective congestion level: 0 Aspect Ratio: 1 Sparse Ratio: 0
Direction: West
----------------
Congested clusters found at Level 0
Effective congestion level: 0 Aspect Ratio: 1 Sparse Ratio: 0

Phase 7 Route finalize | Checksum: 1212d416f

Time (s): cpu = 00:00:20 ; elapsed = 00:00:17 . Memory (MB): peak = 1556.484 ; gain = 96.496

Phase 8 Verifying routed nets

 Verification completed successfully
Phase 8 Verifying routed nets | Checksum: 1212d416f

Time (s): cpu = 00:00:20 ; elapsed = 00:00:17 . Memory (MB): peak = 1557.047 ; gain = 97.059

Phase 9 Depositing Routes
Phase 9 Depositing Routes | Checksum: d108f286

Time (s): cpu = 00:00:20 ; elapsed = 00:00:17 . Memory (MB): peak = 1557.047 ; gain = 97.059

Phase 10 Post Router Timing
INFO: [Route 35-57] Estimated Timing Summary | WNS=-5.549 | TNS=-88.387| WHS=0.042  | THS=0.000  |

WARNING: [Route 35-328] Router estimated timing not met.
Resolution: For a complete and accurate timing signoff, report_timing_summary must be run after route_design. Alternatively, route_design can be run with the -timing_summary option to enable a complete timing signoff at the end of route_design.
Phase 10 Post Router Timing | Checksum: d108f286

Time (s): cpu = 00:00:20 ; elapsed = 00:00:17 . Memory (MB): peak = 1557.047 ; gain = 97.059
INFO: [Route 35-16] Router Completed Successfully

Time (s): cpu = 00:00:20 ; elapsed = 00:00:17 . Memory (MB): peak = 1557.047 ; gain = 97.059

Routing Is Done.
INFO: [Common 17-83] Releasing license: Implementation
232 Infos, 1 Warnings, 2 Critical Warnings and 0 Errors encountered.
route_design completed successfully
route_design: Time (s): cpu = 00:00:21 ; elapsed = 00:00:18 . Memory (MB): peak = 1557.047 ; gain = 108.070
INFO: [Timing 38-480] Writing timing data to binary archive.
Writing placer database...
Writing XDEF routing.
Writing XDEF routing logical nets.
Writing XDEF routing special nets.
Write XDEF Complete: Time (s): cpu = 00:00:00 ; elapsed = 00:00:00.135 . Memory (MB): peak = 1566.906 ; gain = 9.859
INFO: [Common 17-1381] The checkpoint 'C:/Users/262069/ADC_filtr_signal/ADC_filtr_signal.runs/impl_1/top_level_routed.dcp' has been generated.
INFO: [runtcl-4] Executing : report_drc -file top_level_drc_routed.rpt -pb top_level_drc_routed.pb -rpx top_level_drc_routed.rpx
Command: report_drc -file top_level_drc_routed.rpt -pb top_level_drc_routed.pb -rpx top_level_drc_routed.rpx
INFO: [IP_Flow 19-1839] IP Catalog is up to date.
INFO: [DRC 23-27] Running DRC with 2 threads
INFO: [Coretcl 2-168] The results of DRC are in file C:/Users/262069/ADC_filtr_signal/ADC_filtr_signal.runs/impl_1/top_level_drc_routed.rpt.
report_drc completed successfully
INFO: [runtcl-4] Executing : report_methodology -file top_level_methodology_drc_routed.rpt -pb top_level_methodology_drc_routed.pb -rpx top_level_methodology_drc_routed.rpx
Command: report_methodology -file top_level_methodology_drc_routed.rpt -pb top_level_methodology_drc_routed.pb -rpx top_level_methodology_drc_routed.rpx
INFO: [Timing 38-35] Done setting XDC timing constraints.
INFO: [DRC 23-133] Running Methodology with 2 threads
INFO: [Coretcl 2-1520] The results of Report Methodology are in file C:/Users/262069/ADC_filtr_signal/ADC_filtr_signal.runs/impl_1/top_level_methodology_drc_routed.rpt.
report_methodology completed successfully
INFO: [runtcl-4] Executing : report_power -file top_level_power_routed.rpt -pb top_level_power_summary_routed.pb -rpx top_level_power_routed.rpx
Command: report_power -file top_level_power_routed.rpt -pb top_level_power_summary_routed.pb -rpx top_level_power_routed.rpx
INFO: [Timing 38-35] Done setting XDC timing constraints.
Running Vector-less Activity Propagation...

Finished Running Vector-less Activity Propagation
244 Infos, 1 Warnings, 2 Critical Warnings and 0 Errors encountered.
report_power completed successfully
INFO: [runtcl-4] Executing : report_route_status -file top_level_route_status.rpt -pb top_level_route_status.pb
INFO: [runtcl-4] Executing : report_timing_summary -max_paths 10 -file top_level_timing_summary_routed.rpt -pb top_level_timing_summary_routed.pb -rpx top_level_timing_summary_routed.rpx -warn_on_violation 
INFO: [Timing 38-91] UpdateTimingParams: Speed grade: -1L, Delay Type: min_max.
INFO: [Timing 38-191] Multithreading enabled for timing update using a maximum of 2 CPUs
CRITICAL WARNING: [Timing 38-282] The design failed to meet the timing requirements. Please see the timing summary report for details on the timing violations.
INFO: [runtcl-4] Executing : report_incremental_reuse -file top_level_incremental_reuse_routed.rpt
INFO: [Vivado_Tcl 4-1062] Incremental flow is disabled. No incremental reuse Info to report.
INFO: [runtcl-4] Executing : report_clock_utilization -file top_level_clock_utilization_routed.rpt
INFO: [runtcl-4] Executing : report_bus_skew -warn_on_violation -file top_level_bus_skew_routed.rpt -pb top_level_bus_skew_routed.pb -rpx top_level_bus_skew_routed.rpx
INFO: [Timing 38-91] UpdateTimingParams: Speed grade: -1L, Delay Type: min_max.
INFO: [Timing 38-191] Multithreading enabled for timing update using a maximum of 2 CPUs
Command: write_bitstream -force top_level.bit
Attempting to get a license for feature 'Implementation' and/or device 'xc7a50ti'
INFO: [Common 17-349] Got license for feature 'Implementation' and/or device 'xc7a50ti'
Running DRC as a precondition to command write_bitstream
INFO: [IP_Flow 19-1839] IP Catalog is up to date.
INFO: [DRC 23-27] Running DRC with 2 threads
WARNING: [DRC CFGBVS-1] Missing CFGBVS and CONFIG_VOLTAGE Design Properties: Neither the CFGBVS nor CONFIG_VOLTAGE voltage property is set in the current_design.  Configuration bank voltage select (CFGBVS) must be set to VCCO or GND, and CONFIG_VOLTAGE must be set to the correct configuration voltage, in order to determine the I/O voltage support for the pins in bank 0.  It is suggested to specify these either using the 'Edit Device Properties' function in the GUI or directly in the XDC file using the following syntax:

 set_property CFGBVS value1 [current_design]
 #where value1 is either VCCO or GND

 set_property CONFIG_VOLTAGE value2 [current_design]
 #where value2 is the voltage provided to configuration bank 0

Refer to the device configuration user guide for more information.
WARNING: [DRC DPIP-1] Input pipelining: DSP disp/voltage_mv1 input disp/voltage_mv1/A[29:0] is not pipelined. Pipelining DSP48 input will improve performance.
WARNING: [DRC DPOP-1] PREG Output pipelining: DSP disp/voltage_mv1 output disp/voltage_mv1/P[47:0] is not pipelined (PREG=0). Pipelining the DSP48 output will improve performance and often saves power so it is suggested whenever possible to fully pipeline this function.  If this DSP48 function was inferred, it is suggested to describe an additional register stage after this function.  If the DSP48 was instantiated in the design, it is suggested to set the PREG attribute to 1.
WARNING: [DRC DPOP-2] MREG Output pipelining: DSP disp/voltage_mv1 multiplier stage disp/voltage_mv1/P[47:0] is not pipelined (MREG=0). Pipelining the multiplier function will improve performance and will save significant power so it is suggested whenever possible to fully pipeline this function.  If this multiplier was inferred, it is suggested to describe an additional register stage after this function.  If there is no registered adder/accumulator following the multiply function, two pipeline stages are suggested to allow both the MREG and PREG registers to be used.  If the DSP48 was instantiated in the design, it is suggested to set both the MREG and PREG attributes to 1 when performing multiply functions.
INFO: [Vivado 12-3199] DRC finished with 0 Errors, 4 Warnings
INFO: [Vivado 12-3200] Please refer to the DRC report (report_drc) for more information.
INFO: [Designutils 20-2272] Running write_bitstream with 2 threads.
Loading data files...
Loading site data...
Loading route data...
Processing options...
Creating bitmap...
Creating bitstream...
Writing bitstream ./top_level.bit...
INFO: [Vivado 12-1842] Bitgen Completed Successfully.
INFO: [Project 1-120] WebTalk data collection is mandatory when using a WebPACK part without a full Vivado license. To see the specific WebTalk data collected for your design, open the usage_statistics_webtalk.html or usage_statistics_webtalk.xml file in the implementation directory.
INFO: [Common 17-83] Releasing license: Implementation
12 Infos, 4 Warnings, 0 Critical Warnings and 0 Errors encountered.
write_bitstream completed successfully
write_bitstream: Time (s): cpu = 00:00:11 ; elapsed = 00:00:11 . Memory (MB): peak = 2022.906 ; gain = 426.273
INFO: [Common 17-206] Exiting Vivado at Mon May  5 18:43:18 2025...
